============================= test session starts ==============================
platform linux -- Python 3.12.3, pytest-9.0.2, pluggy-1.6.0
rootdir: /home/aswin-ganga/headless-chat
configfile: pyproject.toml
plugins: anyio-4.12.1, asyncio-1.3.0
asyncio: mode=Mode.AUTO, debug=False, asyncio_default_fixture_loop_scope=None, asyncio_default_test_loop_scope=function
collected 1 item

tests/test_messaging.py F                                                [100%]

=================================== FAILURES ===================================
_____________________ test_conversation_flow_and_messaging _____________________
Traceback (most recent call last):
  File "/home/aswin-ganga/headless-chat/venv/lib/python3.12/site-packages/_pytest/runner.py", line 353, in from_call
    result: TResult | None = func()
                             ^^^^^^
  File "/home/aswin-ganga/headless-chat/venv/lib/python3.12/site-packages/_pytest/runner.py", line 245, in <lambda>
    lambda: runtest_hook(item=item, **kwds),
            ^^^^^^^^^^^^^^^^^^^^^^^^^^^^^^^
  File "/home/aswin-ganga/headless-chat/venv/lib/python3.12/site-packages/pluggy/_hooks.py", line 512, in __call__
    return self._hookexec(self.name, self._hookimpls.copy(), kwargs, firstresult)
           ^^^^^^^^^^^^^^^^^^^^^^^^^^^^^^^^^^^^^^^^^^^^^^^^^^^^^^^^^^^^^^^^^^^^^^
  File "/home/aswin-ganga/headless-chat/venv/lib/python3.12/site-packages/pluggy/_manager.py", line 120, in _hookexec
    return self._inner_hookexec(hook_name, methods, kwargs, firstresult)
           ^^^^^^^^^^^^^^^^^^^^^^^^^^^^^^^^^^^^^^^^^^^^^^^^^^^^^^^^^^^^^
  File "/home/aswin-ganga/headless-chat/venv/lib/python3.12/site-packages/pluggy/_callers.py", line 167, in _multicall
    raise exception
  File "/home/aswin-ganga/headless-chat/venv/lib/python3.12/site-packages/pluggy/_callers.py", line 139, in _multicall
    teardown.throw(exception)
  File "/home/aswin-ganga/headless-chat/venv/lib/python3.12/site-packages/_pytest/logging.py", line 850, in pytest_runtest_call
    yield
  File "/home/aswin-ganga/headless-chat/venv/lib/python3.12/site-packages/pluggy/_callers.py", line 139, in _multicall
    teardown.throw(exception)
  File "/home/aswin-ganga/headless-chat/venv/lib/python3.12/site-packages/_pytest/capture.py", line 900, in pytest_runtest_call
    return (yield)
            ^^^^^
  File "/home/aswin-ganga/headless-chat/venv/lib/python3.12/site-packages/pluggy/_callers.py", line 139, in _multicall
    teardown.throw(exception)
  File "/home/aswin-ganga/headless-chat/venv/lib/python3.12/site-packages/_pytest/skipping.py", line 268, in pytest_runtest_call
    return (yield)
            ^^^^^
  File "/home/aswin-ganga/headless-chat/venv/lib/python3.12/site-packages/pluggy/_callers.py", line 121, in _multicall
    res = hook_impl.function(*args)
          ^^^^^^^^^^^^^^^^^^^^^^^^^
  File "/home/aswin-ganga/headless-chat/venv/lib/python3.12/site-packages/_pytest/runner.py", line 179, in pytest_runtest_call
    item.runtest()
  File "/home/aswin-ganga/headless-chat/venv/lib/python3.12/site-packages/pytest_asyncio/plugin.py", line 469, in runtest
    super().runtest()
  File "/home/aswin-ganga/headless-chat/venv/lib/python3.12/site-packages/_pytest/python.py", line 1720, in runtest
    self.ihook.pytest_pyfunc_call(pyfuncitem=self)
  File "/home/aswin-ganga/headless-chat/venv/lib/python3.12/site-packages/pluggy/_hooks.py", line 512, in __call__
    return self._hookexec(self.name, self._hookimpls.copy(), kwargs, firstresult)
           ^^^^^^^^^^^^^^^^^^^^^^^^^^^^^^^^^^^^^^^^^^^^^^^^^^^^^^^^^^^^^^^^^^^^^^
  File "/home/aswin-ganga/headless-chat/venv/lib/python3.12/site-packages/pluggy/_manager.py", line 120, in _hookexec
    return self._inner_hookexec(hook_name, methods, kwargs, firstresult)
           ^^^^^^^^^^^^^^^^^^^^^^^^^^^^^^^^^^^^^^^^^^^^^^^^^^^^^^^^^^^^^
  File "/home/aswin-ganga/headless-chat/venv/lib/python3.12/site-packages/pluggy/_callers.py", line 167, in _multicall
    raise exception
  File "/home/aswin-ganga/headless-chat/venv/lib/python3.12/site-packages/pluggy/_callers.py", line 139, in _multicall
    teardown.throw(exception)
  File "/home/aswin-ganga/headless-chat/venv/lib/python3.12/site-packages/pluggy/_callers.py", line 53, in run_old_style_hookwrapper
    return result.get_result()
           ^^^^^^^^^^^^^^^^^^^
  File "/home/aswin-ganga/headless-chat/venv/lib/python3.12/site-packages/pluggy/_result.py", line 103, in get_result
    raise exc.with_traceback(tb)
  File "/home/aswin-ganga/headless-chat/venv/lib/python3.12/site-packages/pluggy/_callers.py", line 38, in run_old_style_hookwrapper
    res = yield
          ^^^^^
  File "/home/aswin-ganga/headless-chat/venv/lib/python3.12/site-packages/pluggy/_callers.py", line 121, in _multicall
    res = hook_impl.function(*args)
          ^^^^^^^^^^^^^^^^^^^^^^^^^
  File "/home/aswin-ganga/headless-chat/venv/lib/python3.12/site-packages/_pytest/python.py", line 166, in pytest_pyfunc_call
    result = testfunction(**testargs)
             ^^^^^^^^^^^^^^^^^^^^^^^^
  File "/home/aswin-ganga/headless-chat/venv/lib/python3.12/site-packages/pytest_asyncio/plugin.py", line 716, in inner
    runner.run(coro, context=context)
  File "/usr/lib/python3.12/asyncio/runners.py", line 118, in run
    return self._loop.run_until_complete(task)
           ^^^^^^^^^^^^^^^^^^^^^^^^^^^^^^^^^^^
  File "/usr/lib/python3.12/asyncio/base_events.py", line 687, in run_until_complete
    return future.result()
           ^^^^^^^^^^^^^^^
  File "/home/aswin-ganga/headless-chat/tests/test_messaging.py", line 91, in test_conversation_flow_and_messaging
    del_succ = await async_client.delete(f"/api/v1/conversations/{conv_id}/messages/{msg_id}", headers=h1)
               ^^^^^^^^^^^^^^^^^^^^^^^^^^^^^^^^^^^^^^^^^^^^^^^^^^^^^^^^^^^^^^^^^^^^^^^^^^^^^^^^^^^^^^^^^^^
  File "/home/aswin-ganga/headless-chat/venv/lib/python3.12/site-packages/httpx/_client.py", line 1966, in delete
    return await self.request(
           ^^^^^^^^^^^^^^^^^^^
  File "/home/aswin-ganga/headless-chat/venv/lib/python3.12/site-packages/httpx/_client.py", line 1540, in request
    return await self.send(request, auth=auth, follow_redirects=follow_redirects)
           ^^^^^^^^^^^^^^^^^^^^^^^^^^^^^^^^^^^^^^^^^^^^^^^^^^^^^^^^^^^^^^^^^^^^^^
  File "/home/aswin-ganga/headless-chat/venv/lib/python3.12/site-packages/httpx/_client.py", line 1629, in send
    response = await self._send_handling_auth(
               ^^^^^^^^^^^^^^^^^^^^^^^^^^^^^^^
  File "/home/aswin-ganga/headless-chat/venv/lib/python3.12/site-packages/httpx/_client.py", line 1657, in _send_handling_auth
    response = await self._send_handling_redirects(
               ^^^^^^^^^^^^^^^^^^^^^^^^^^^^^^^^^^^^
  File "/home/aswin-ganga/headless-chat/venv/lib/python3.12/site-packages/httpx/_client.py", line 1694, in _send_handling_redirects
    response = await self._send_single_request(request)
               ^^^^^^^^^^^^^^^^^^^^^^^^^^^^^^^^^^^^^^^^
  File "/home/aswin-ganga/headless-chat/venv/lib/python3.12/site-packages/httpx/_client.py", line 1730, in _send_single_request
    response = await transport.handle_async_request(request)
               ^^^^^^^^^^^^^^^^^^^^^^^^^^^^^^^^^^^^^^^^^^^^^
  File "/home/aswin-ganga/headless-chat/venv/lib/python3.12/site-packages/httpx/_transports/asgi.py", line 170, in handle_async_request
    await self.app(scope, receive, send)
  File "/home/aswin-ganga/headless-chat/venv/lib/python3.12/site-packages/fastapi/applications.py", line 1134, in __call__
    await super().__call__(scope, receive, send)
  File "/home/aswin-ganga/headless-chat/venv/lib/python3.12/site-packages/starlette/applications.py", line 107, in __call__
    await self.middleware_stack(scope, receive, send)
  File "/home/aswin-ganga/headless-chat/venv/lib/python3.12/site-packages/starlette/middleware/errors.py", line 186, in __call__
    raise exc
  File "/home/aswin-ganga/headless-chat/venv/lib/python3.12/site-packages/starlette/middleware/errors.py", line 164, in __call__
    await self.app(scope, receive, _send)
  File "/home/aswin-ganga/headless-chat/venv/lib/python3.12/site-packages/starlette/middleware/exceptions.py", line 63, in __call__
    await wrap_app_handling_exceptions(self.app, conn)(scope, receive, send)
  File "/home/aswin-ganga/headless-chat/venv/lib/python3.12/site-packages/starlette/_exception_handler.py", line 53, in wrapped_app
    raise exc
  File "/home/aswin-ganga/headless-chat/venv/lib/python3.12/site-packages/starlette/_exception_handler.py", line 42, in wrapped_app
    await app(scope, receive, sender)
  File "/home/aswin-ganga/headless-chat/venv/lib/python3.12/site-packages/fastapi/middleware/asyncexitstack.py", line 18, in __call__
    await self.app(scope, receive, send)
  File "/home/aswin-ganga/headless-chat/venv/lib/python3.12/site-packages/starlette/routing.py", line 716, in __call__
    await self.middleware_stack(scope, receive, send)
  File "/home/aswin-ganga/headless-chat/venv/lib/python3.12/site-packages/starlette/routing.py", line 736, in app
    await route.handle(scope, receive, send)
  File "/home/aswin-ganga/headless-chat/venv/lib/python3.12/site-packages/starlette/routing.py", line 290, in handle
    await self.app(scope, receive, send)
  File "/home/aswin-ganga/headless-chat/venv/lib/python3.12/site-packages/fastapi/routing.py", line 119, in app
    await wrap_app_handling_exceptions(app, request)(scope, receive, send)
  File "/home/aswin-ganga/headless-chat/venv/lib/python3.12/site-packages/starlette/_exception_handler.py", line 53, in wrapped_app
    raise exc
  File "/home/aswin-ganga/headless-chat/venv/lib/python3.12/site-packages/starlette/_exception_handler.py", line 42, in wrapped_app
    await app(scope, receive, sender)
  File "/home/aswin-ganga/headless-chat/venv/lib/python3.12/site-packages/fastapi/routing.py", line 105, in app
    response = await f(request)
               ^^^^^^^^^^^^^^^^
  File "/home/aswin-ganga/headless-chat/venv/lib/python3.12/site-packages/fastapi/routing.py", line 424, in app
    raw_response = await run_endpoint_function(
                   ^^^^^^^^^^^^^^^^^^^^^^^^^^^^
  File "/home/aswin-ganga/headless-chat/venv/lib/python3.12/site-packages/fastapi/routing.py", line 312, in run_endpoint_function
    return await dependant.call(**values)
           ^^^^^^^^^^^^^^^^^^^^^^^^^^^^^^
  File "/home/aswin-ganga/headless-chat/src/modules/messages/router.py", line 68, in delete_message
    return await service.soft_delete_message(conversation_id, str(current_user.id), message_id)
           ^^^^^^^^^^^^^^^^^^^^^^^^^^^^^^^^^^^^^^^^^^^^^^^^^^^^^^^^^^^^^^^^^^^^^^^^^^^^^^^^^^^^
  File "/home/aswin-ganga/headless-chat/src/modules/messages/service.py", line 138, in soft_delete_message
    "message_id": str(message.id),
                      ^^^^^^^^^^
  File "/home/aswin-ganga/headless-chat/venv/lib/python3.12/site-packages/sqlalchemy/orm/attributes.py", line 569, in __get__
    return self.impl.get(state, dict_)  # type: ignore[no-any-return]
           ^^^^^^^^^^^^^^^^^^^^^^^^^^^
  File "/home/aswin-ganga/headless-chat/venv/lib/python3.12/site-packages/sqlalchemy/orm/attributes.py", line 1096, in get
    value = self._fire_loader_callables(state, key, passive)
            ^^^^^^^^^^^^^^^^^^^^^^^^^^^^^^^^^^^^^^^^^^^^^^^^
  File "/home/aswin-ganga/headless-chat/venv/lib/python3.12/site-packages/sqlalchemy/orm/attributes.py", line 1126, in _fire_loader_callables
    return state._load_expired(state, passive)
           ^^^^^^^^^^^^^^^^^^^^^^^^^^^^^^^^^^^
  File "/home/aswin-ganga/headless-chat/venv/lib/python3.12/site-packages/sqlalchemy/orm/state.py", line 828, in _load_expired
    self.manager.expired_attribute_loader(self, toload, passive)
  File "/home/aswin-ganga/headless-chat/venv/lib/python3.12/site-packages/sqlalchemy/orm/loading.py", line 1674, in load_scalar_attributes
    result = load_on_ident(
             ^^^^^^^^^^^^^^
  File "/home/aswin-ganga/headless-chat/venv/lib/python3.12/site-packages/sqlalchemy/orm/loading.py", line 510, in load_on_ident
    return load_on_pk_identity(
           ^^^^^^^^^^^^^^^^^^^^
  File "/home/aswin-ganga/headless-chat/venv/lib/python3.12/site-packages/sqlalchemy/orm/loading.py", line 695, in load_on_pk_identity
    session.execute(
  File "/home/aswin-ganga/headless-chat/venv/lib/python3.12/site-packages/sqlalchemy/orm/session.py", line 2351, in execute
    return self._execute_internal(
           ^^^^^^^^^^^^^^^^^^^^^^^
  File "/home/aswin-ganga/headless-chat/venv/lib/python3.12/site-packages/sqlalchemy/orm/session.py", line 2249, in _execute_internal
    result: Result[Any] = compile_state_cls.orm_execute_statement(
                          ^^^^^^^^^^^^^^^^^^^^^^^^^^^^^^^^^^^^^^^^
  File "/home/aswin-ganga/headless-chat/venv/lib/python3.12/site-packages/sqlalchemy/orm/context.py", line 306, in orm_execute_statement
    result = conn.execute(
             ^^^^^^^^^^^^^
  File "/home/aswin-ganga/headless-chat/venv/lib/python3.12/site-packages/sqlalchemy/engine/base.py", line 1419, in execute
    return meth(
           ^^^^^
  File "/home/aswin-ganga/headless-chat/venv/lib/python3.12/site-packages/sqlalchemy/sql/elements.py", line 527, in _execute_on_connection
    return connection._execute_clauseelement(
           ^^^^^^^^^^^^^^^^^^^^^^^^^^^^^^^^^^
  File "/home/aswin-ganga/headless-chat/venv/lib/python3.12/site-packages/sqlalchemy/engine/base.py", line 1641, in _execute_clauseelement
    ret = self._execute_context(
          ^^^^^^^^^^^^^^^^^^^^^^
  File "/home/aswin-ganga/headless-chat/venv/lib/python3.12/site-packages/sqlalchemy/engine/base.py", line 1846, in _execute_context
    return self._exec_single_context(
           ^^^^^^^^^^^^^^^^^^^^^^^^^^
  File "/home/aswin-ganga/headless-chat/venv/lib/python3.12/site-packages/sqlalchemy/engine/base.py", line 1986, in _exec_single_context
    self._handle_dbapi_exception(
  File "/home/aswin-ganga/headless-chat/venv/lib/python3.12/site-packages/sqlalchemy/engine/base.py", line 2366, in _handle_dbapi_exception
    raise exc_info[1].with_traceback(exc_info[2])
  File "/home/aswin-ganga/headless-chat/venv/lib/python3.12/site-packages/sqlalchemy/engine/base.py", line 1967, in _exec_single_context
    self.dialect.do_execute(
  File "/home/aswin-ganga/headless-chat/venv/lib/python3.12/site-packages/sqlalchemy/engine/default.py", line 952, in do_execute
    cursor.execute(statement, parameters)
  File "/home/aswin-ganga/headless-chat/venv/lib/python3.12/site-packages/sqlalchemy/dialects/sqlite/aiosqlite.py", line 182, in execute
    self._adapt_connection._handle_exception(error)
  File "/home/aswin-ganga/headless-chat/venv/lib/python3.12/site-packages/sqlalchemy/dialects/sqlite/aiosqlite.py", line 342, in _handle_exception
    raise error
  File "/home/aswin-ganga/headless-chat/venv/lib/python3.12/site-packages/sqlalchemy/dialects/sqlite/aiosqlite.py", line 159, in execute
    _cursor: AsyncIODBAPICursor = self.await_(self._connection.cursor())  # type: ignore[arg-type] # noqa: E501
                                  ^^^^^^^^^^^^^^^^^^^^^^^^^^^^^^^^^^^^^^
  File "/home/aswin-ganga/headless-chat/venv/lib/python3.12/site-packages/sqlalchemy/util/_concurrency_py3k.py", line 123, in await_only
    raise exc.MissingGreenlet(
sqlalchemy.exc.MissingGreenlet: greenlet_spawn has not been called; can't call await_only() here. Was IO attempted in an unexpected place? (Background on this error at: https://sqlalche.me/e/20/xd2s)
---------------------------- Captured stdout setup -----------------------------
2026-02-22 22:27:35,307 - asyncio - DEBUG - Using selector: EpollSelector
2026-02-22 22:27:35,308 - asyncio - DEBUG - Using selector: EpollSelector
2026-02-22 22:27:35,313 - aiosqlite - DEBUG - executing <function connect.<locals>.connector at 0x7612bf0f1440>
2026-02-22 22:27:35,314 - aiosqlite - DEBUG - operation <function connect.<locals>.connector at 0x7612bf0f1440> completed
2026-02-22 22:27:35,314 - aiosqlite - DEBUG - executing functools.partial(<built-in method create_function of sqlite3.Connection object at 0x7612bf0cb3d0>, 'regexp', 2, <function SQLiteDialect_pysqlite.on_connect.<locals>.regexp at 0x7612bf225d00>, deterministic=True)
2026-02-22 22:27:35,315 - aiosqlite - DEBUG - operation functools.partial(<built-in method create_function of sqlite3.Connection object at 0x7612bf0cb3d0>, 'regexp', 2, <function SQLiteDialect_pysqlite.on_connect.<locals>.regexp at 0x7612bf225d00>, deterministic=True) completed
2026-02-22 22:27:35,317 - aiosqlite - DEBUG - executing functools.partial(<built-in method create_function of sqlite3.Connection object at 0x7612bf0cb3d0>, 'floor', 1, <built-in function floor>, deterministic=True)
2026-02-22 22:27:35,318 - aiosqlite - DEBUG - operation functools.partial(<built-in method create_function of sqlite3.Connection object at 0x7612bf0cb3d0>, 'floor', 1, <built-in function floor>, deterministic=True) completed
2026-02-22 22:27:35,318 - aiosqlite - DEBUG - executing functools.partial(<built-in method cursor of sqlite3.Connection object at 0x7612bf0cb3d0>)
2026-02-22 22:27:35,319 - aiosqlite - DEBUG - operation functools.partial(<built-in method cursor of sqlite3.Connection object at 0x7612bf0cb3d0>) completed
2026-02-22 22:27:35,319 - aiosqlite - DEBUG - executing functools.partial(<built-in method execute of sqlite3.Cursor object at 0x7612bf112c40>, 'PRAGMA read_uncommitted', [])
2026-02-22 22:27:35,319 - aiosqlite - DEBUG - operation functools.partial(<built-in method execute of sqlite3.Cursor object at 0x7612bf112c40>, 'PRAGMA read_uncommitted', []) completed
2026-02-22 22:27:35,319 - aiosqlite - DEBUG - executing functools.partial(<built-in method fetchall of sqlite3.Cursor object at 0x7612bf112c40>)
2026-02-22 22:27:35,320 - aiosqlite - DEBUG - operation functools.partial(<built-in method fetchall of sqlite3.Cursor object at 0x7612bf112c40>) completed
2026-02-22 22:27:35,320 - aiosqlite - DEBUG - executing functools.partial(<built-in method close of sqlite3.Cursor object at 0x7612bf112c40>)
2026-02-22 22:27:35,320 - aiosqlite - DEBUG - operation functools.partial(<built-in method close of sqlite3.Cursor object at 0x7612bf112c40>) completed
2026-02-22 22:27:35,321 - aiosqlite - DEBUG - executing functools.partial(<built-in method rollback of sqlite3.Connection object at 0x7612bf0cb3d0>)
2026-02-22 22:27:35,321 - aiosqlite - DEBUG - operation functools.partial(<built-in method rollback of sqlite3.Connection object at 0x7612bf0cb3d0>) completed
2026-02-22 22:27:35,322 - aiosqlite - DEBUG - executing functools.partial(<built-in method cursor of sqlite3.Connection object at 0x7612bf0cb3d0>)
2026-02-22 22:27:35,323 - aiosqlite - DEBUG - operation functools.partial(<built-in method cursor of sqlite3.Connection object at 0x7612bf0cb3d0>) completed
2026-02-22 22:27:35,323 - aiosqlite - DEBUG - executing functools.partial(<built-in method execute of sqlite3.Cursor object at 0x7612bf112b40>, 'PRAGMA main.table_info("users")', ())
2026-02-22 22:27:35,323 - aiosqlite - DEBUG - operation functools.partial(<built-in method execute of sqlite3.Cursor object at 0x7612bf112b40>, 'PRAGMA main.table_info("users")', ()) completed
2026-02-22 22:27:35,324 - aiosqlite - DEBUG - executing functools.partial(<built-in method fetchall of sqlite3.Cursor object at 0x7612bf112b40>)
2026-02-22 22:27:35,324 - aiosqlite - DEBUG - operation functools.partial(<built-in method fetchall of sqlite3.Cursor object at 0x7612bf112b40>) completed
2026-02-22 22:27:35,324 - aiosqlite - DEBUG - executing functools.partial(<built-in method close of sqlite3.Cursor object at 0x7612bf112b40>)
2026-02-22 22:27:35,325 - aiosqlite - DEBUG - operation functools.partial(<built-in method close of sqlite3.Cursor object at 0x7612bf112b40>) completed
2026-02-22 22:27:35,325 - aiosqlite - DEBUG - executing functools.partial(<built-in method cursor of sqlite3.Connection object at 0x7612bf0cb3d0>)
2026-02-22 22:27:35,326 - aiosqlite - DEBUG - operation functools.partial(<built-in method cursor of sqlite3.Connection object at 0x7612bf0cb3d0>) completed
2026-02-22 22:27:35,326 - aiosqlite - DEBUG - executing functools.partial(<built-in method execute of sqlite3.Cursor object at 0x7612bf111640>, 'PRAGMA temp.table_info("users")', ())
2026-02-22 22:27:35,326 - aiosqlite - DEBUG - operation functools.partial(<built-in method execute of sqlite3.Cursor object at 0x7612bf111640>, 'PRAGMA temp.table_info("users")', ()) completed
2026-02-22 22:27:35,327 - aiosqlite - DEBUG - executing functools.partial(<built-in method fetchall of sqlite3.Cursor object at 0x7612bf111640>)
2026-02-22 22:27:35,327 - aiosqlite - DEBUG - operation functools.partial(<built-in method fetchall of sqlite3.Cursor object at 0x7612bf111640>) completed
2026-02-22 22:27:35,327 - aiosqlite - DEBUG - executing functools.partial(<built-in method close of sqlite3.Cursor object at 0x7612bf111640>)
2026-02-22 22:27:35,327 - aiosqlite - DEBUG - operation functools.partial(<built-in method close of sqlite3.Cursor object at 0x7612bf111640>) completed
2026-02-22 22:27:35,328 - aiosqlite - DEBUG - executing functools.partial(<built-in method cursor of sqlite3.Connection object at 0x7612bf0cb3d0>)
2026-02-22 22:27:35,328 - aiosqlite - DEBUG - operation functools.partial(<built-in method cursor of sqlite3.Connection object at 0x7612bf0cb3d0>) completed
2026-02-22 22:27:35,328 - aiosqlite - DEBUG - executing functools.partial(<built-in method execute of sqlite3.Cursor object at 0x7612bf112d40>, 'PRAGMA main.table_info("conversations")', ())
2026-02-22 22:27:35,329 - aiosqlite - DEBUG - operation functools.partial(<built-in method execute of sqlite3.Cursor object at 0x7612bf112d40>, 'PRAGMA main.table_info("conversations")', ()) completed
2026-02-22 22:27:35,329 - aiosqlite - DEBUG - executing functools.partial(<built-in method fetchall of sqlite3.Cursor object at 0x7612bf112d40>)
2026-02-22 22:27:35,329 - aiosqlite - DEBUG - operation functools.partial(<built-in method fetchall of sqlite3.Cursor object at 0x7612bf112d40>) completed
2026-02-22 22:27:35,330 - aiosqlite - DEBUG - executing functools.partial(<built-in method close of sqlite3.Cursor object at 0x7612bf112d40>)
2026-02-22 22:27:35,330 - aiosqlite - DEBUG - operation functools.partial(<built-in method close of sqlite3.Cursor object at 0x7612bf112d40>) completed
2026-02-22 22:27:35,330 - aiosqlite - DEBUG - executing functools.partial(<built-in method cursor of sqlite3.Connection object at 0x7612bf0cb3d0>)
2026-02-22 22:27:35,330 - aiosqlite - DEBUG - operation functools.partial(<built-in method cursor of sqlite3.Connection object at 0x7612bf0cb3d0>) completed
2026-02-22 22:27:35,331 - aiosqlite - DEBUG - executing functools.partial(<built-in method execute of sqlite3.Cursor object at 0x7612bf112dc0>, 'PRAGMA temp.table_info("conversations")', ())
2026-02-22 22:27:35,331 - aiosqlite - DEBUG - operation functools.partial(<built-in method execute of sqlite3.Cursor object at 0x7612bf112dc0>, 'PRAGMA temp.table_info("conversations")', ()) completed
2026-02-22 22:27:35,331 - aiosqlite - DEBUG - executing functools.partial(<built-in method fetchall of sqlite3.Cursor object at 0x7612bf112dc0>)
2026-02-22 22:27:35,332 - aiosqlite - DEBUG - operation functools.partial(<built-in method fetchall of sqlite3.Cursor object at 0x7612bf112dc0>) completed
2026-02-22 22:27:35,332 - aiosqlite - DEBUG - executing functools.partial(<built-in method close of sqlite3.Cursor object at 0x7612bf112dc0>)
2026-02-22 22:27:35,332 - aiosqlite - DEBUG - operation functools.partial(<built-in method close of sqlite3.Cursor object at 0x7612bf112dc0>) completed
2026-02-22 22:27:35,333 - aiosqlite - DEBUG - executing functools.partial(<built-in method cursor of sqlite3.Connection object at 0x7612bf0cb3d0>)
2026-02-22 22:27:35,333 - aiosqlite - DEBUG - operation functools.partial(<built-in method cursor of sqlite3.Connection object at 0x7612bf0cb3d0>) completed
2026-02-22 22:27:35,333 - aiosqlite - DEBUG - executing functools.partial(<built-in method execute of sqlite3.Cursor object at 0x7612bf112ec0>, 'PRAGMA main.table_info("conversation_participants")', ())
2026-02-22 22:27:35,333 - aiosqlite - DEBUG - operation functools.partial(<built-in method execute of sqlite3.Cursor object at 0x7612bf112ec0>, 'PRAGMA main.table_info("conversation_participants")', ()) completed
2026-02-22 22:27:35,334 - aiosqlite - DEBUG - executing functools.partial(<built-in method fetchall of sqlite3.Cursor object at 0x7612bf112ec0>)
2026-02-22 22:27:35,334 - aiosqlite - DEBUG - operation functools.partial(<built-in method fetchall of sqlite3.Cursor object at 0x7612bf112ec0>) completed
2026-02-22 22:27:35,335 - aiosqlite - DEBUG - executing functools.partial(<built-in method close of sqlite3.Cursor object at 0x7612bf112ec0>)
2026-02-22 22:27:35,335 - aiosqlite - DEBUG - operation functools.partial(<built-in method close of sqlite3.Cursor object at 0x7612bf112ec0>) completed
2026-02-22 22:27:35,336 - aiosqlite - DEBUG - executing functools.partial(<built-in method cursor of sqlite3.Connection object at 0x7612bf0cb3d0>)
2026-02-22 22:27:35,336 - aiosqlite - DEBUG - operation functools.partial(<built-in method cursor of sqlite3.Connection object at 0x7612bf0cb3d0>) completed
2026-02-22 22:27:35,336 - aiosqlite - DEBUG - executing functools.partial(<built-in method execute of sqlite3.Cursor object at 0x7612bf112f40>, 'PRAGMA temp.table_info("conversation_participants")', ())
2026-02-22 22:27:35,337 - aiosqlite - DEBUG - operation functools.partial(<built-in method execute of sqlite3.Cursor object at 0x7612bf112f40>, 'PRAGMA temp.table_info("conversation_participants")', ()) completed
2026-02-22 22:27:35,337 - aiosqlite - DEBUG - executing functools.partial(<built-in method fetchall of sqlite3.Cursor object at 0x7612bf112f40>)
2026-02-22 22:27:35,337 - aiosqlite - DEBUG - operation functools.partial(<built-in method fetchall of sqlite3.Cursor object at 0x7612bf112f40>) completed
2026-02-22 22:27:35,337 - aiosqlite - DEBUG - executing functools.partial(<built-in method close of sqlite3.Cursor object at 0x7612bf112f40>)
2026-02-22 22:27:35,338 - aiosqlite - DEBUG - operation functools.partial(<built-in method close of sqlite3.Cursor object at 0x7612bf112f40>) completed
2026-02-22 22:27:35,338 - aiosqlite - DEBUG - executing functools.partial(<built-in method cursor of sqlite3.Connection object at 0x7612bf0cb3d0>)
2026-02-22 22:27:35,338 - aiosqlite - DEBUG - operation functools.partial(<built-in method cursor of sqlite3.Connection object at 0x7612bf0cb3d0>) completed
2026-02-22 22:27:35,339 - aiosqlite - DEBUG - executing functools.partial(<built-in method execute of sqlite3.Cursor object at 0x7612bf113040>, 'PRAGMA main.table_info("messages")', ())
2026-02-22 22:27:35,339 - aiosqlite - DEBUG - operation functools.partial(<built-in method execute of sqlite3.Cursor object at 0x7612bf113040>, 'PRAGMA main.table_info("messages")', ()) completed
2026-02-22 22:27:35,341 - aiosqlite - DEBUG - executing functools.partial(<built-in method fetchall of sqlite3.Cursor object at 0x7612bf113040>)
2026-02-22 22:27:35,341 - aiosqlite - DEBUG - operation functools.partial(<built-in method fetchall of sqlite3.Cursor object at 0x7612bf113040>) completed
2026-02-22 22:27:35,343 - aiosqlite - DEBUG - executing functools.partial(<built-in method close of sqlite3.Cursor object at 0x7612bf113040>)
2026-02-22 22:27:35,343 - aiosqlite - DEBUG - operation functools.partial(<built-in method close of sqlite3.Cursor object at 0x7612bf113040>) completed
2026-02-22 22:27:35,344 - aiosqlite - DEBUG - executing functools.partial(<built-in method cursor of sqlite3.Connection object at 0x7612bf0cb3d0>)
2026-02-22 22:27:35,344 - aiosqlite - DEBUG - operation functools.partial(<built-in method cursor of sqlite3.Connection object at 0x7612bf0cb3d0>) completed
2026-02-22 22:27:35,344 - aiosqlite - DEBUG - executing functools.partial(<built-in method execute of sqlite3.Cursor object at 0x7612bf1130c0>, 'PRAGMA temp.table_info("messages")', ())
2026-02-22 22:27:35,344 - aiosqlite - DEBUG - operation functools.partial(<built-in method execute of sqlite3.Cursor object at 0x7612bf1130c0>, 'PRAGMA temp.table_info("messages")', ()) completed
2026-02-22 22:27:35,345 - aiosqlite - DEBUG - executing functools.partial(<built-in method fetchall of sqlite3.Cursor object at 0x7612bf1130c0>)
2026-02-22 22:27:35,345 - aiosqlite - DEBUG - operation functools.partial(<built-in method fetchall of sqlite3.Cursor object at 0x7612bf1130c0>) completed
2026-02-22 22:27:35,345 - aiosqlite - DEBUG - executing functools.partial(<built-in method close of sqlite3.Cursor object at 0x7612bf1130c0>)
2026-02-22 22:27:35,345 - aiosqlite - DEBUG - operation functools.partial(<built-in method close of sqlite3.Cursor object at 0x7612bf1130c0>) completed
2026-02-22 22:27:35,346 - aiosqlite - DEBUG - executing functools.partial(<built-in method cursor of sqlite3.Connection object at 0x7612bf0cb3d0>)
2026-02-22 22:27:35,347 - aiosqlite - DEBUG - operation functools.partial(<built-in method cursor of sqlite3.Connection object at 0x7612bf0cb3d0>) completed
2026-02-22 22:27:35,347 - aiosqlite - DEBUG - executing functools.partial(<built-in method execute of sqlite3.Cursor object at 0x7612bf1132c0>, 'PRAGMA main.table_info("users")', ())
2026-02-22 22:27:35,347 - aiosqlite - DEBUG - operation functools.partial(<built-in method execute of sqlite3.Cursor object at 0x7612bf1132c0>, 'PRAGMA main.table_info("users")', ()) completed
2026-02-22 22:27:35,348 - aiosqlite - DEBUG - executing functools.partial(<built-in method fetchall of sqlite3.Cursor object at 0x7612bf1132c0>)
2026-02-22 22:27:35,348 - aiosqlite - DEBUG - operation functools.partial(<built-in method fetchall of sqlite3.Cursor object at 0x7612bf1132c0>) completed
2026-02-22 22:27:35,348 - aiosqlite - DEBUG - executing functools.partial(<built-in method close of sqlite3.Cursor object at 0x7612bf1132c0>)
2026-02-22 22:27:35,348 - aiosqlite - DEBUG - operation functools.partial(<built-in method close of sqlite3.Cursor object at 0x7612bf1132c0>) completed
2026-02-22 22:27:35,349 - aiosqlite - DEBUG - executing functools.partial(<built-in method cursor of sqlite3.Connection object at 0x7612bf0cb3d0>)
2026-02-22 22:27:35,349 - aiosqlite - DEBUG - operation functools.partial(<built-in method cursor of sqlite3.Connection object at 0x7612bf0cb3d0>) completed
2026-02-22 22:27:35,349 - aiosqlite - DEBUG - executing functools.partial(<built-in method execute of sqlite3.Cursor object at 0x7612bf113340>, 'PRAGMA temp.table_info("users")', ())
2026-02-22 22:27:35,350 - aiosqlite - DEBUG - operation functools.partial(<built-in method execute of sqlite3.Cursor object at 0x7612bf113340>, 'PRAGMA temp.table_info("users")', ()) completed
2026-02-22 22:27:35,350 - aiosqlite - DEBUG - executing functools.partial(<built-in method fetchall of sqlite3.Cursor object at 0x7612bf113340>)
2026-02-22 22:27:35,350 - aiosqlite - DEBUG - operation functools.partial(<built-in method fetchall of sqlite3.Cursor object at 0x7612bf113340>) completed
2026-02-22 22:27:35,350 - aiosqlite - DEBUG - executing functools.partial(<built-in method close of sqlite3.Cursor object at 0x7612bf113340>)
2026-02-22 22:27:35,351 - aiosqlite - DEBUG - operation functools.partial(<built-in method close of sqlite3.Cursor object at 0x7612bf113340>) completed
2026-02-22 22:27:35,351 - aiosqlite - DEBUG - executing functools.partial(<built-in method cursor of sqlite3.Connection object at 0x7612bf0cb3d0>)
2026-02-22 22:27:35,352 - aiosqlite - DEBUG - operation functools.partial(<built-in method cursor of sqlite3.Connection object at 0x7612bf0cb3d0>) completed
2026-02-22 22:27:35,353 - aiosqlite - DEBUG - executing functools.partial(<built-in method execute of sqlite3.Cursor object at 0x7612bf113440>, 'PRAGMA main.table_info("conversations")', ())
2026-02-22 22:27:35,353 - aiosqlite - DEBUG - operation functools.partial(<built-in method execute of sqlite3.Cursor object at 0x7612bf113440>, 'PRAGMA main.table_info("conversations")', ()) completed
2026-02-22 22:27:35,353 - aiosqlite - DEBUG - executing functools.partial(<built-in method fetchall of sqlite3.Cursor object at 0x7612bf113440>)
2026-02-22 22:27:35,354 - aiosqlite - DEBUG - operation functools.partial(<built-in method fetchall of sqlite3.Cursor object at 0x7612bf113440>) completed
2026-02-22 22:27:35,354 - aiosqlite - DEBUG - executing functools.partial(<built-in method close of sqlite3.Cursor object at 0x7612bf113440>)
2026-02-22 22:27:35,354 - aiosqlite - DEBUG - operation functools.partial(<built-in method close of sqlite3.Cursor object at 0x7612bf113440>) completed
2026-02-22 22:27:35,355 - aiosqlite - DEBUG - executing functools.partial(<built-in method cursor of sqlite3.Connection object at 0x7612bf0cb3d0>)
2026-02-22 22:27:35,355 - aiosqlite - DEBUG - operation functools.partial(<built-in method cursor of sqlite3.Connection object at 0x7612bf0cb3d0>) completed
2026-02-22 22:27:35,355 - aiosqlite - DEBUG - executing functools.partial(<built-in method execute of sqlite3.Cursor object at 0x7612bf1134c0>, 'PRAGMA temp.table_info("conversations")', ())
2026-02-22 22:27:35,356 - aiosqlite - DEBUG - operation functools.partial(<built-in method execute of sqlite3.Cursor object at 0x7612bf1134c0>, 'PRAGMA temp.table_info("conversations")', ()) completed
2026-02-22 22:27:35,356 - aiosqlite - DEBUG - executing functools.partial(<built-in method fetchall of sqlite3.Cursor object at 0x7612bf1134c0>)
2026-02-22 22:27:35,356 - aiosqlite - DEBUG - operation functools.partial(<built-in method fetchall of sqlite3.Cursor object at 0x7612bf1134c0>) completed
2026-02-22 22:27:35,356 - aiosqlite - DEBUG - executing functools.partial(<built-in method close of sqlite3.Cursor object at 0x7612bf1134c0>)
2026-02-22 22:27:35,357 - aiosqlite - DEBUG - operation functools.partial(<built-in method close of sqlite3.Cursor object at 0x7612bf1134c0>) completed
2026-02-22 22:27:35,357 - aiosqlite - DEBUG - executing functools.partial(<built-in method cursor of sqlite3.Connection object at 0x7612bf0cb3d0>)
2026-02-22 22:27:35,357 - aiosqlite - DEBUG - operation functools.partial(<built-in method cursor of sqlite3.Connection object at 0x7612bf0cb3d0>) completed
2026-02-22 22:27:35,358 - aiosqlite - DEBUG - executing functools.partial(<built-in method execute of sqlite3.Cursor object at 0x7612bf1135c0>, 'PRAGMA main.table_info("conversation_participants")', ())
2026-02-22 22:27:35,358 - aiosqlite - DEBUG - operation functools.partial(<built-in method execute of sqlite3.Cursor object at 0x7612bf1135c0>, 'PRAGMA main.table_info("conversation_participants")', ()) completed
2026-02-22 22:27:35,358 - aiosqlite - DEBUG - executing functools.partial(<built-in method fetchall of sqlite3.Cursor object at 0x7612bf1135c0>)
2026-02-22 22:27:35,358 - aiosqlite - DEBUG - operation functools.partial(<built-in method fetchall of sqlite3.Cursor object at 0x7612bf1135c0>) completed
2026-02-22 22:27:35,359 - aiosqlite - DEBUG - executing functools.partial(<built-in method close of sqlite3.Cursor object at 0x7612bf1135c0>)
2026-02-22 22:27:35,359 - aiosqlite - DEBUG - operation functools.partial(<built-in method close of sqlite3.Cursor object at 0x7612bf1135c0>) completed
2026-02-22 22:27:35,359 - aiosqlite - DEBUG - executing functools.partial(<built-in method cursor of sqlite3.Connection object at 0x7612bf0cb3d0>)
2026-02-22 22:27:35,359 - aiosqlite - DEBUG - operation functools.partial(<built-in method cursor of sqlite3.Connection object at 0x7612bf0cb3d0>) completed
2026-02-22 22:27:35,360 - aiosqlite - DEBUG - executing functools.partial(<built-in method execute of sqlite3.Cursor object at 0x7612bf113640>, 'PRAGMA temp.table_info("conversation_participants")', ())
2026-02-22 22:27:35,360 - aiosqlite - DEBUG - operation functools.partial(<built-in method execute of sqlite3.Cursor object at 0x7612bf113640>, 'PRAGMA temp.table_info("conversation_participants")', ()) completed
2026-02-22 22:27:35,360 - aiosqlite - DEBUG - executing functools.partial(<built-in method fetchall of sqlite3.Cursor object at 0x7612bf113640>)
2026-02-22 22:27:35,361 - aiosqlite - DEBUG - operation functools.partial(<built-in method fetchall of sqlite3.Cursor object at 0x7612bf113640>) completed
2026-02-22 22:27:35,361 - aiosqlite - DEBUG - executing functools.partial(<built-in method close of sqlite3.Cursor object at 0x7612bf113640>)
2026-02-22 22:27:35,361 - aiosqlite - DEBUG - operation functools.partial(<built-in method close of sqlite3.Cursor object at 0x7612bf113640>) completed
2026-02-22 22:27:35,362 - aiosqlite - DEBUG - executing functools.partial(<built-in method cursor of sqlite3.Connection object at 0x7612bf0cb3d0>)
2026-02-22 22:27:35,362 - aiosqlite - DEBUG - operation functools.partial(<built-in method cursor of sqlite3.Connection object at 0x7612bf0cb3d0>) completed
2026-02-22 22:27:35,363 - aiosqlite - DEBUG - executing functools.partial(<built-in method execute of sqlite3.Cursor object at 0x7612bf1137c0>, 'PRAGMA main.table_info("messages")', ())
2026-02-22 22:27:35,363 - aiosqlite - DEBUG - operation functools.partial(<built-in method execute of sqlite3.Cursor object at 0x7612bf1137c0>, 'PRAGMA main.table_info("messages")', ()) completed
2026-02-22 22:27:35,363 - aiosqlite - DEBUG - executing functools.partial(<built-in method fetchall of sqlite3.Cursor object at 0x7612bf1137c0>)
2026-02-22 22:27:35,364 - aiosqlite - DEBUG - operation functools.partial(<built-in method fetchall of sqlite3.Cursor object at 0x7612bf1137c0>) completed
2026-02-22 22:27:35,364 - aiosqlite - DEBUG - executing functools.partial(<built-in method close of sqlite3.Cursor object at 0x7612bf1137c0>)
2026-02-22 22:27:35,364 - aiosqlite - DEBUG - operation functools.partial(<built-in method close of sqlite3.Cursor object at 0x7612bf1137c0>) completed
2026-02-22 22:27:35,364 - aiosqlite - DEBUG - executing functools.partial(<built-in method cursor of sqlite3.Connection object at 0x7612bf0cb3d0>)
2026-02-22 22:27:35,365 - aiosqlite - DEBUG - operation functools.partial(<built-in method cursor of sqlite3.Connection object at 0x7612bf0cb3d0>) completed
2026-02-22 22:27:35,365 - aiosqlite - DEBUG - executing functools.partial(<built-in method execute of sqlite3.Cursor object at 0x7612bf1138c0>, 'PRAGMA temp.table_info("messages")', ())
2026-02-22 22:27:35,365 - aiosqlite - DEBUG - operation functools.partial(<built-in method execute of sqlite3.Cursor object at 0x7612bf1138c0>, 'PRAGMA temp.table_info("messages")', ()) completed
2026-02-22 22:27:35,366 - aiosqlite - DEBUG - executing functools.partial(<built-in method fetchall of sqlite3.Cursor object at 0x7612bf1138c0>)
2026-02-22 22:27:35,367 - aiosqlite - DEBUG - operation functools.partial(<built-in method fetchall of sqlite3.Cursor object at 0x7612bf1138c0>) completed
2026-02-22 22:27:35,367 - aiosqlite - DEBUG - executing functools.partial(<built-in method close of sqlite3.Cursor object at 0x7612bf1138c0>)
2026-02-22 22:27:35,367 - aiosqlite - DEBUG - operation functools.partial(<built-in method close of sqlite3.Cursor object at 0x7612bf1138c0>) completed
2026-02-22 22:27:35,372 - aiosqlite - DEBUG - executing functools.partial(<built-in method cursor of sqlite3.Connection object at 0x7612bf0cb3d0>)
2026-02-22 22:27:35,372 - aiosqlite - DEBUG - operation functools.partial(<built-in method cursor of sqlite3.Connection object at 0x7612bf0cb3d0>) completed
2026-02-22 22:27:35,372 - aiosqlite - DEBUG - executing functools.partial(<built-in method execute of sqlite3.Cursor object at 0x7612bf113140>, '\nCREATE TABLE users (\n\tid UUID NOT NULL, \n\temail VARCHAR NOT NULL, \n\tusername VARCHAR NOT NULL, \n\thashed_password VARCHAR NOT NULL, \n\tis_active BOOLEAN, \n\tis_superuser BOOLEAN, \n\tcreated_at DATETIME DEFAULT CURRENT_TIMESTAMP NOT NULL, \n\tupdated_at DATETIME, \n\tPRIMARY KEY (id)\n)\n\n', ())
2026-02-22 22:27:35,418 - aiosqlite - DEBUG - operation functools.partial(<built-in method execute of sqlite3.Cursor object at 0x7612bf113140>, '\nCREATE TABLE users (\n\tid UUID NOT NULL, \n\temail VARCHAR NOT NULL, \n\tusername VARCHAR NOT NULL, \n\thashed_password VARCHAR NOT NULL, \n\tis_active BOOLEAN, \n\tis_superuser BOOLEAN, \n\tcreated_at DATETIME DEFAULT CURRENT_TIMESTAMP NOT NULL, \n\tupdated_at DATETIME, \n\tPRIMARY KEY (id)\n)\n\n', ()) completed
2026-02-22 22:27:35,419 - aiosqlite - DEBUG - executing functools.partial(<built-in method close of sqlite3.Cursor object at 0x7612bf113140>)
2026-02-22 22:27:35,419 - aiosqlite - DEBUG - operation functools.partial(<built-in method close of sqlite3.Cursor object at 0x7612bf113140>) completed
2026-02-22 22:27:35,420 - aiosqlite - DEBUG - executing functools.partial(<built-in method cursor of sqlite3.Connection object at 0x7612bf0cb3d0>)
2026-02-22 22:27:35,420 - aiosqlite - DEBUG - operation functools.partial(<built-in method cursor of sqlite3.Connection object at 0x7612bf0cb3d0>) completed
2026-02-22 22:27:35,420 - aiosqlite - DEBUG - executing functools.partial(<built-in method execute of sqlite3.Cursor object at 0x7612bf113740>, 'CREATE UNIQUE INDEX ix_users_username ON users (username)', ())
2026-02-22 22:27:35,464 - aiosqlite - DEBUG - operation functools.partial(<built-in method execute of sqlite3.Cursor object at 0x7612bf113740>, 'CREATE UNIQUE INDEX ix_users_username ON users (username)', ()) completed
2026-02-22 22:27:35,464 - aiosqlite - DEBUG - executing functools.partial(<built-in method close of sqlite3.Cursor object at 0x7612bf113740>)
2026-02-22 22:27:35,465 - aiosqlite - DEBUG - operation functools.partial(<built-in method close of sqlite3.Cursor object at 0x7612bf113740>) completed
2026-02-22 22:27:35,465 - aiosqlite - DEBUG - executing functools.partial(<built-in method cursor of sqlite3.Connection object at 0x7612bf0cb3d0>)
2026-02-22 22:27:35,465 - aiosqlite - DEBUG - operation functools.partial(<built-in method cursor of sqlite3.Connection object at 0x7612bf0cb3d0>) completed
2026-02-22 22:27:35,466 - aiosqlite - DEBUG - executing functools.partial(<built-in method execute of sqlite3.Cursor object at 0x7612bf113940>, 'CREATE UNIQUE INDEX ix_users_email ON users (email)', ())
2026-02-22 22:27:35,509 - aiosqlite - DEBUG - operation functools.partial(<built-in method execute of sqlite3.Cursor object at 0x7612bf113940>, 'CREATE UNIQUE INDEX ix_users_email ON users (email)', ()) completed
2026-02-22 22:27:35,510 - aiosqlite - DEBUG - executing functools.partial(<built-in method close of sqlite3.Cursor object at 0x7612bf113940>)
2026-02-22 22:27:35,510 - aiosqlite - DEBUG - operation functools.partial(<built-in method close of sqlite3.Cursor object at 0x7612bf113940>) completed
2026-02-22 22:27:35,511 - aiosqlite - DEBUG - executing functools.partial(<built-in method cursor of sqlite3.Connection object at 0x7612bf0cb3d0>)
2026-02-22 22:27:35,512 - aiosqlite - DEBUG - operation functools.partial(<built-in method cursor of sqlite3.Connection object at 0x7612bf0cb3d0>) completed
2026-02-22 22:27:35,512 - aiosqlite - DEBUG - executing functools.partial(<built-in method execute of sqlite3.Cursor object at 0x7612bf1133c0>, '\nCREATE TABLE conversations (\n\tid UUID NOT NULL, \n\ttitle VARCHAR, \n\tis_group BOOLEAN, \n\tis_archived BOOLEAN NOT NULL, \n\tcreator_id UUID, \n\tcreated_at DATETIME DEFAULT CURRENT_TIMESTAMP NOT NULL, \n\tupdated_at DATETIME, \n\tPRIMARY KEY (id), \n\tFOREIGN KEY(creator_id) REFERENCES users (id) ON DELETE SET NULL\n)\n\n', ())
2026-02-22 22:27:35,554 - aiosqlite - DEBUG - operation functools.partial(<built-in method execute of sqlite3.Cursor object at 0x7612bf1133c0>, '\nCREATE TABLE conversations (\n\tid UUID NOT NULL, \n\ttitle VARCHAR, \n\tis_group BOOLEAN, \n\tis_archived BOOLEAN NOT NULL, \n\tcreator_id UUID, \n\tcreated_at DATETIME DEFAULT CURRENT_TIMESTAMP NOT NULL, \n\tupdated_at DATETIME, \n\tPRIMARY KEY (id), \n\tFOREIGN KEY(creator_id) REFERENCES users (id) ON DELETE SET NULL\n)\n\n', ()) completed
2026-02-22 22:27:35,555 - aiosqlite - DEBUG - executing functools.partial(<built-in method close of sqlite3.Cursor object at 0x7612bf1133c0>)
2026-02-22 22:27:35,555 - aiosqlite - DEBUG - operation functools.partial(<built-in method close of sqlite3.Cursor object at 0x7612bf1133c0>) completed
2026-02-22 22:27:35,556 - aiosqlite - DEBUG - executing functools.partial(<built-in method cursor of sqlite3.Connection object at 0x7612bf0cb3d0>)
2026-02-22 22:27:35,556 - aiosqlite - DEBUG - operation functools.partial(<built-in method cursor of sqlite3.Connection object at 0x7612bf0cb3d0>) completed
2026-02-22 22:27:35,556 - aiosqlite - DEBUG - executing functools.partial(<built-in method execute of sqlite3.Cursor object at 0x7612bf113840>, '\nCREATE TABLE messages (\n\tid UUID NOT NULL, \n\tconversation_id UUID NOT NULL, \n\tsender_id UUID NOT NULL, \n\tcontent VARCHAR, \n\tmessage_type VARCHAR, \n\tmedia_url VARCHAR, \n\tis_deleted BOOLEAN, \n\tcreated_at DATETIME DEFAULT CURRENT_TIMESTAMP NOT NULL, \n\tupdated_at DATETIME, \n\tPRIMARY KEY (id), \n\tFOREIGN KEY(conversation_id) REFERENCES conversations (id) ON DELETE CASCADE, \n\tFOREIGN KEY(sender_id) REFERENCES users (id) ON DELETE CASCADE\n)\n\n', ())
2026-02-22 22:27:35,600 - aiosqlite - DEBUG - operation functools.partial(<built-in method execute of sqlite3.Cursor object at 0x7612bf113840>, '\nCREATE TABLE messages (\n\tid UUID NOT NULL, \n\tconversation_id UUID NOT NULL, \n\tsender_id UUID NOT NULL, \n\tcontent VARCHAR, \n\tmessage_type VARCHAR, \n\tmedia_url VARCHAR, \n\tis_deleted BOOLEAN, \n\tcreated_at DATETIME DEFAULT CURRENT_TIMESTAMP NOT NULL, \n\tupdated_at DATETIME, \n\tPRIMARY KEY (id), \n\tFOREIGN KEY(conversation_id) REFERENCES conversations (id) ON DELETE CASCADE, \n\tFOREIGN KEY(sender_id) REFERENCES users (id) ON DELETE CASCADE\n)\n\n', ()) completed
2026-02-22 22:27:35,601 - aiosqlite - DEBUG - executing functools.partial(<built-in method close of sqlite3.Cursor object at 0x7612bf113840>)
2026-02-22 22:27:35,601 - aiosqlite - DEBUG - operation functools.partial(<built-in method close of sqlite3.Cursor object at 0x7612bf113840>) completed
2026-02-22 22:27:35,602 - aiosqlite - DEBUG - executing functools.partial(<built-in method cursor of sqlite3.Connection object at 0x7612bf0cb3d0>)
2026-02-22 22:27:35,602 - aiosqlite - DEBUG - operation functools.partial(<built-in method cursor of sqlite3.Connection object at 0x7612bf0cb3d0>) completed
2026-02-22 22:27:35,602 - aiosqlite - DEBUG - executing functools.partial(<built-in method execute of sqlite3.Cursor object at 0x7612bee10bc0>, 'CREATE INDEX ix_messages_conversation_id_created_at_desc ON messages (conversation_id, created_at DESC)', ())
2026-02-22 22:27:35,645 - aiosqlite - DEBUG - operation functools.partial(<built-in method execute of sqlite3.Cursor object at 0x7612bee10bc0>, 'CREATE INDEX ix_messages_conversation_id_created_at_desc ON messages (conversation_id, created_at DESC)', ()) completed
2026-02-22 22:27:35,646 - aiosqlite - DEBUG - executing functools.partial(<built-in method close of sqlite3.Cursor object at 0x7612bee10bc0>)
2026-02-22 22:27:35,648 - aiosqlite - DEBUG - operation functools.partial(<built-in method close of sqlite3.Cursor object at 0x7612bee10bc0>) completed
2026-02-22 22:27:35,649 - aiosqlite - DEBUG - executing functools.partial(<built-in method cursor of sqlite3.Connection object at 0x7612bf0cb3d0>)
2026-02-22 22:27:35,649 - aiosqlite - DEBUG - operation functools.partial(<built-in method cursor of sqlite3.Connection object at 0x7612bf0cb3d0>) completed
2026-02-22 22:27:35,650 - aiosqlite - DEBUG - executing functools.partial(<built-in method execute of sqlite3.Cursor object at 0x7612bf113540>, '\nCREATE TABLE conversation_participants (\n\tconversation_id UUID NOT NULL, \n\tuser_id UUID NOT NULL, \n\trole VARCHAR, \n\tis_active BOOLEAN NOT NULL, \n\tlast_seen_message_id UUID, \n\tcreated_at DATETIME DEFAULT CURRENT_TIMESTAMP NOT NULL, \n\tupdated_at DATETIME, \n\tPRIMARY KEY (conversation_id, user_id), \n\tFOREIGN KEY(conversation_id) REFERENCES conversations (id) ON DELETE CASCADE, \n\tFOREIGN KEY(user_id) REFERENCES users (id) ON DELETE CASCADE, \n\tFOREIGN KEY(last_seen_message_id) REFERENCES messages (id) ON DELETE SET NULL\n)\n\n', ())
2026-02-22 22:27:35,692 - aiosqlite - DEBUG - operation functools.partial(<built-in method execute of sqlite3.Cursor object at 0x7612bf113540>, '\nCREATE TABLE conversation_participants (\n\tconversation_id UUID NOT NULL, \n\tuser_id UUID NOT NULL, \n\trole VARCHAR, \n\tis_active BOOLEAN NOT NULL, \n\tlast_seen_message_id UUID, \n\tcreated_at DATETIME DEFAULT CURRENT_TIMESTAMP NOT NULL, \n\tupdated_at DATETIME, \n\tPRIMARY KEY (conversation_id, user_id), \n\tFOREIGN KEY(conversation_id) REFERENCES conversations (id) ON DELETE CASCADE, \n\tFOREIGN KEY(user_id) REFERENCES users (id) ON DELETE CASCADE, \n\tFOREIGN KEY(last_seen_message_id) REFERENCES messages (id) ON DELETE SET NULL\n)\n\n', ()) completed
2026-02-22 22:27:35,693 - aiosqlite - DEBUG - executing functools.partial(<built-in method close of sqlite3.Cursor object at 0x7612bf113540>)
2026-02-22 22:27:35,693 - aiosqlite - DEBUG - operation functools.partial(<built-in method close of sqlite3.Cursor object at 0x7612bf113540>) completed
2026-02-22 22:27:35,694 - aiosqlite - DEBUG - executing functools.partial(<built-in method commit of sqlite3.Connection object at 0x7612bf0cb3d0>)
2026-02-22 22:27:35,694 - aiosqlite - DEBUG - operation functools.partial(<built-in method commit of sqlite3.Connection object at 0x7612bf0cb3d0>) completed
2026-02-22 22:27:35,695 - aiosqlite - DEBUG - executing functools.partial(<built-in method rollback of sqlite3.Connection object at 0x7612bf0cb3d0>)
2026-02-22 22:27:35,695 - aiosqlite - DEBUG - operation functools.partial(<built-in method rollback of sqlite3.Connection object at 0x7612bf0cb3d0>) completed
2026-02-22 22:27:35,696 - asyncio - DEBUG - Using selector: EpollSelector
2026-02-22 22:27:35,699 - passlib.handlers.argon2 - DEBUG - detected 'argon2_cffi' backend, version '25.1.0', with support for 0x13 argon2 hashes
2026-02-22 22:27:36,002 - aiosqlite - DEBUG - executing functools.partial(<built-in method cursor of sqlite3.Connection object at 0x7612bf0cb3d0>)
2026-02-22 22:27:36,002 - aiosqlite - DEBUG - operation functools.partial(<built-in method cursor of sqlite3.Connection object at 0x7612bf0cb3d0>) completed
2026-02-22 22:27:36,002 - aiosqlite - DEBUG - executing functools.partial(<built-in method execute of sqlite3.Cursor object at 0x7612bee10440>, 'INSERT INTO users (id, email, username, hashed_password, is_active, is_superuser, updated_at) VALUES (?, ?, ?, ?, ?, ?, ?), (?, ?, ?, ?, ?, ?, ?) RETURNING created_at, id', ('6d946ca0db1b4cf28b18fc9ef869465d', 'test1@example.com', 'testuser1', '$argon2id$v=19$m=65536,t=3,p=4$c06pFQKAsPYeI0QI4VzLmQ$65YDaTkFKIlRa55VLxIyRzJShM0EGOSNh8TfZk6H/DA', 1, 0, None, '039d85ea818e4eec913cd09ac5e818fa', 'test2@example.com', 'testuser2', '$argon2id$v=19$m=65536,t=3,p=4$ybmXsjaGkNI657zXWqsV4g$jnsWU+3OlIKag0JyBsP+8JSmf0DpOfSpkh5w8ndwCWY', 1, 0, None))
2026-02-22 22:27:36,003 - aiosqlite - DEBUG - operation functools.partial(<built-in method execute of sqlite3.Cursor object at 0x7612bee10440>, 'INSERT INTO users (id, email, username, hashed_password, is_active, is_superuser, updated_at) VALUES (?, ?, ?, ?, ?, ?, ?), (?, ?, ?, ?, ?, ?, ?) RETURNING created_at, id', ('6d946ca0db1b4cf28b18fc9ef869465d', 'test1@example.com', 'testuser1', '$argon2id$v=19$m=65536,t=3,p=4$c06pFQKAsPYeI0QI4VzLmQ$65YDaTkFKIlRa55VLxIyRzJShM0EGOSNh8TfZk6H/DA', 1, 0, None, '039d85ea818e4eec913cd09ac5e818fa', 'test2@example.com', 'testuser2', '$argon2id$v=19$m=65536,t=3,p=4$ybmXsjaGkNI657zXWqsV4g$jnsWU+3OlIKag0JyBsP+8JSmf0DpOfSpkh5w8ndwCWY', 1, 0, None)) completed
2026-02-22 22:27:36,003 - aiosqlite - DEBUG - executing functools.partial(<built-in method fetchall of sqlite3.Cursor object at 0x7612bee10440>)
2026-02-22 22:27:36,003 - aiosqlite - DEBUG - operation functools.partial(<built-in method fetchall of sqlite3.Cursor object at 0x7612bee10440>) completed
2026-02-22 22:27:36,004 - aiosqlite - DEBUG - executing functools.partial(<built-in method close of sqlite3.Cursor object at 0x7612bee10440>)
2026-02-22 22:27:36,004 - aiosqlite - DEBUG - operation functools.partial(<built-in method close of sqlite3.Cursor object at 0x7612bee10440>) completed
2026-02-22 22:27:36,005 - aiosqlite - DEBUG - executing functools.partial(<built-in method commit of sqlite3.Connection object at 0x7612bf0cb3d0>)
2026-02-22 22:27:36,049 - aiosqlite - DEBUG - operation functools.partial(<built-in method commit of sqlite3.Connection object at 0x7612bf0cb3d0>) completed
2026-02-22 22:27:36,050 - aiosqlite - DEBUG - executing functools.partial(<built-in method rollback of sqlite3.Connection object at 0x7612bf0cb3d0>)
2026-02-22 22:27:36,050 - aiosqlite - DEBUG - operation functools.partial(<built-in method rollback of sqlite3.Connection object at 0x7612bf0cb3d0>) completed
2026-02-22 22:27:36,053 - python_multipart.multipart - DEBUG - Calling on_field_start with no data
2026-02-22 22:27:36,053 - python_multipart.multipart - DEBUG - Calling on_field_name with data[0:8]
2026-02-22 22:27:36,053 - python_multipart.multipart - DEBUG - Calling on_field_data with data[9:18]
2026-02-22 22:27:36,053 - python_multipart.multipart - DEBUG - Calling on_field_end with no data
2026-02-22 22:27:36,054 - python_multipart.multipart - DEBUG - Calling on_field_start with no data
2026-02-22 22:27:36,054 - python_multipart.multipart - DEBUG - Calling on_field_name with data[19:27]
2026-02-22 22:27:36,054 - python_multipart.multipart - DEBUG - Calling on_field_data with data[28:32]
2026-02-22 22:27:36,054 - python_multipart.multipart - DEBUG - Calling on_field_end with no data
2026-02-22 22:27:36,054 - python_multipart.multipart - DEBUG - Calling on_end with no data
2026-02-22 22:27:36,062 - aiosqlite - DEBUG - executing functools.partial(<built-in method cursor of sqlite3.Connection object at 0x7612bf0cb3d0>)
2026-02-22 22:27:36,062 - aiosqlite - DEBUG - operation functools.partial(<built-in method cursor of sqlite3.Connection object at 0x7612bf0cb3d0>) completed
2026-02-22 22:27:36,063 - aiosqlite - DEBUG - executing functools.partial(<built-in method execute of sqlite3.Cursor object at 0x7612bee782c0>, 'SELECT users.id, users.email, users.username, users.hashed_password, users.is_active, users.is_superuser, users.created_at, users.updated_at \nFROM users \nWHERE users.email = ?', ('testuser1',))
2026-02-22 22:27:36,063 - aiosqlite - DEBUG - operation functools.partial(<built-in method execute of sqlite3.Cursor object at 0x7612bee782c0>, 'SELECT users.id, users.email, users.username, users.hashed_password, users.is_active, users.is_superuser, users.created_at, users.updated_at \nFROM users \nWHERE users.email = ?', ('testuser1',)) completed
2026-02-22 22:27:36,063 - aiosqlite - DEBUG - executing functools.partial(<built-in method fetchall of sqlite3.Cursor object at 0x7612bee782c0>)
2026-02-22 22:27:36,063 - aiosqlite - DEBUG - operation functools.partial(<built-in method fetchall of sqlite3.Cursor object at 0x7612bee782c0>) completed
2026-02-22 22:27:36,064 - aiosqlite - DEBUG - executing functools.partial(<built-in method close of sqlite3.Cursor object at 0x7612bee782c0>)
2026-02-22 22:27:36,064 - aiosqlite - DEBUG - operation functools.partial(<built-in method close of sqlite3.Cursor object at 0x7612bee782c0>) completed
2026-02-22 22:27:36,066 - aiosqlite - DEBUG - executing functools.partial(<built-in method cursor of sqlite3.Connection object at 0x7612bf0cb3d0>)
2026-02-22 22:27:36,067 - aiosqlite - DEBUG - operation functools.partial(<built-in method cursor of sqlite3.Connection object at 0x7612bf0cb3d0>) completed
2026-02-22 22:27:36,067 - aiosqlite - DEBUG - executing functools.partial(<built-in method execute of sqlite3.Cursor object at 0x7612bee78bc0>, 'SELECT users.id, users.email, users.username, users.hashed_password, users.is_active, users.is_superuser, users.created_at, users.updated_at \nFROM users \nWHERE users.username = ?', ('testuser1',))
2026-02-22 22:27:36,067 - aiosqlite - DEBUG - operation functools.partial(<built-in method execute of sqlite3.Cursor object at 0x7612bee78bc0>, 'SELECT users.id, users.email, users.username, users.hashed_password, users.is_active, users.is_superuser, users.created_at, users.updated_at \nFROM users \nWHERE users.username = ?', ('testuser1',)) completed
2026-02-22 22:27:36,067 - aiosqlite - DEBUG - executing functools.partial(<built-in method fetchall of sqlite3.Cursor object at 0x7612bee78bc0>)
2026-02-22 22:27:36,067 - aiosqlite - DEBUG - operation functools.partial(<built-in method fetchall of sqlite3.Cursor object at 0x7612bee78bc0>) completed
2026-02-22 22:27:36,068 - aiosqlite - DEBUG - executing functools.partial(<built-in method close of sqlite3.Cursor object at 0x7612bee78bc0>)
2026-02-22 22:27:36,068 - aiosqlite - DEBUG - operation functools.partial(<built-in method close of sqlite3.Cursor object at 0x7612bee78bc0>) completed
2026-02-22 22:27:36,218 - httpx - INFO - HTTP Request: POST http://test/api/v1/auth/login/access-token "HTTP/1.1 200 OK"
2026-02-22 22:27:36,219 - python_multipart.multipart - DEBUG - Calling on_field_start with no data
2026-02-22 22:27:36,219 - python_multipart.multipart - DEBUG - Calling on_field_name with data[0:8]
2026-02-22 22:27:36,219 - python_multipart.multipart - DEBUG - Calling on_field_data with data[9:18]
2026-02-22 22:27:36,219 - python_multipart.multipart - DEBUG - Calling on_field_end with no data
2026-02-22 22:27:36,219 - python_multipart.multipart - DEBUG - Calling on_field_start with no data
2026-02-22 22:27:36,219 - python_multipart.multipart - DEBUG - Calling on_field_name with data[19:27]
2026-02-22 22:27:36,219 - python_multipart.multipart - DEBUG - Calling on_field_data with data[28:32]
2026-02-22 22:27:36,220 - python_multipart.multipart - DEBUG - Calling on_field_end with no data
2026-02-22 22:27:36,220 - python_multipart.multipart - DEBUG - Calling on_end with no data
2026-02-22 22:27:36,224 - aiosqlite - DEBUG - executing functools.partial(<built-in method cursor of sqlite3.Connection object at 0x7612bf0cb3d0>)
2026-02-22 22:27:36,225 - aiosqlite - DEBUG - operation functools.partial(<built-in method cursor of sqlite3.Connection object at 0x7612bf0cb3d0>) completed
2026-02-22 22:27:36,225 - aiosqlite - DEBUG - executing functools.partial(<built-in method execute of sqlite3.Cursor object at 0x7612bc4dca40>, 'SELECT users.id, users.email, users.username, users.hashed_password, users.is_active, users.is_superuser, users.created_at, users.updated_at \nFROM users \nWHERE users.email = ?', ('testuser2',))
2026-02-22 22:27:36,225 - aiosqlite - DEBUG - operation functools.partial(<built-in method execute of sqlite3.Cursor object at 0x7612bc4dca40>, 'SELECT users.id, users.email, users.username, users.hashed_password, users.is_active, users.is_superuser, users.created_at, users.updated_at \nFROM users \nWHERE users.email = ?', ('testuser2',)) completed
2026-02-22 22:27:36,225 - aiosqlite - DEBUG - executing functools.partial(<built-in method fetchall of sqlite3.Cursor object at 0x7612bc4dca40>)
2026-02-22 22:27:36,225 - aiosqlite - DEBUG - operation functools.partial(<built-in method fetchall of sqlite3.Cursor object at 0x7612bc4dca40>) completed
2026-02-22 22:27:36,225 - aiosqlite - DEBUG - executing functools.partial(<built-in method close of sqlite3.Cursor object at 0x7612bc4dca40>)
2026-02-22 22:27:36,226 - aiosqlite - DEBUG - operation functools.partial(<built-in method close of sqlite3.Cursor object at 0x7612bc4dca40>) completed
2026-02-22 22:27:36,226 - aiosqlite - DEBUG - executing functools.partial(<built-in method cursor of sqlite3.Connection object at 0x7612bf0cb3d0>)
2026-02-22 22:27:36,226 - aiosqlite - DEBUG - operation functools.partial(<built-in method cursor of sqlite3.Connection object at 0x7612bf0cb3d0>) completed
2026-02-22 22:27:36,227 - aiosqlite - DEBUG - executing functools.partial(<built-in method execute of sqlite3.Cursor object at 0x7612bc4dd140>, 'SELECT users.id, users.email, users.username, users.hashed_password, users.is_active, users.is_superuser, users.created_at, users.updated_at \nFROM users \nWHERE users.username = ?', ('testuser2',))
2026-02-22 22:27:36,227 - aiosqlite - DEBUG - operation functools.partial(<built-in method execute of sqlite3.Cursor object at 0x7612bc4dd140>, 'SELECT users.id, users.email, users.username, users.hashed_password, users.is_active, users.is_superuser, users.created_at, users.updated_at \nFROM users \nWHERE users.username = ?', ('testuser2',)) completed
2026-02-22 22:27:36,227 - aiosqlite - DEBUG - executing functools.partial(<built-in method fetchall of sqlite3.Cursor object at 0x7612bc4dd140>)
2026-02-22 22:27:36,227 - aiosqlite - DEBUG - operation functools.partial(<built-in method fetchall of sqlite3.Cursor object at 0x7612bc4dd140>) completed
2026-02-22 22:27:36,227 - aiosqlite - DEBUG - executing functools.partial(<built-in method close of sqlite3.Cursor object at 0x7612bc4dd140>)
2026-02-22 22:27:36,227 - aiosqlite - DEBUG - operation functools.partial(<built-in method close of sqlite3.Cursor object at 0x7612bc4dd140>) completed
2026-02-22 22:27:36,356 - httpx - INFO - HTTP Request: POST http://test/api/v1/auth/login/access-token "HTTP/1.1 200 OK"
------------------------------ Captured log setup ------------------------------
DEBUG    asyncio:selector_events.py:64 Using selector: EpollSelector
DEBUG    asyncio:selector_events.py:64 Using selector: EpollSelector
DEBUG    aiosqlite:core.py:62 executing <function connect.<locals>.connector at 0x7612bf0f1440>
DEBUG    aiosqlite:core.py:67 operation <function connect.<locals>.connector at 0x7612bf0f1440> completed
DEBUG    aiosqlite:core.py:62 executing functools.partial(<built-in method create_function of sqlite3.Connection object at 0x7612bf0cb3d0>, 'regexp', 2, <function SQLiteDialect_pysqlite.on_connect.<locals>.regexp at 0x7612bf225d00>, deterministic=True)
DEBUG    aiosqlite:core.py:67 operation functools.partial(<built-in method create_function of sqlite3.Connection object at 0x7612bf0cb3d0>, 'regexp', 2, <function SQLiteDialect_pysqlite.on_connect.<locals>.regexp at 0x7612bf225d00>, deterministic=True) completed
DEBUG    aiosqlite:core.py:62 executing functools.partial(<built-in method create_function of sqlite3.Connection object at 0x7612bf0cb3d0>, 'floor', 1, <built-in function floor>, deterministic=True)
DEBUG    aiosqlite:core.py:67 operation functools.partial(<built-in method create_function of sqlite3.Connection object at 0x7612bf0cb3d0>, 'floor', 1, <built-in function floor>, deterministic=True) completed
DEBUG    aiosqlite:core.py:62 executing functools.partial(<built-in method cursor of sqlite3.Connection object at 0x7612bf0cb3d0>)
DEBUG    aiosqlite:core.py:67 operation functools.partial(<built-in method cursor of sqlite3.Connection object at 0x7612bf0cb3d0>) completed
DEBUG    aiosqlite:core.py:62 executing functools.partial(<built-in method execute of sqlite3.Cursor object at 0x7612bf112c40>, 'PRAGMA read_uncommitted', [])
DEBUG    aiosqlite:core.py:67 operation functools.partial(<built-in method execute of sqlite3.Cursor object at 0x7612bf112c40>, 'PRAGMA read_uncommitted', []) completed
DEBUG    aiosqlite:core.py:62 executing functools.partial(<built-in method fetchall of sqlite3.Cursor object at 0x7612bf112c40>)
DEBUG    aiosqlite:core.py:67 operation functools.partial(<built-in method fetchall of sqlite3.Cursor object at 0x7612bf112c40>) completed
DEBUG    aiosqlite:core.py:62 executing functools.partial(<built-in method close of sqlite3.Cursor object at 0x7612bf112c40>)
DEBUG    aiosqlite:core.py:67 operation functools.partial(<built-in method close of sqlite3.Cursor object at 0x7612bf112c40>) completed
DEBUG    aiosqlite:core.py:62 executing functools.partial(<built-in method rollback of sqlite3.Connection object at 0x7612bf0cb3d0>)
DEBUG    aiosqlite:core.py:67 operation functools.partial(<built-in method rollback of sqlite3.Connection object at 0x7612bf0cb3d0>) completed
DEBUG    aiosqlite:core.py:62 executing functools.partial(<built-in method cursor of sqlite3.Connection object at 0x7612bf0cb3d0>)
DEBUG    aiosqlite:core.py:67 operation functools.partial(<built-in method cursor of sqlite3.Connection object at 0x7612bf0cb3d0>) completed
DEBUG    aiosqlite:core.py:62 executing functools.partial(<built-in method execute of sqlite3.Cursor object at 0x7612bf112b40>, 'PRAGMA main.table_info("users")', ())
DEBUG    aiosqlite:core.py:67 operation functools.partial(<built-in method execute of sqlite3.Cursor object at 0x7612bf112b40>, 'PRAGMA main.table_info("users")', ()) completed
DEBUG    aiosqlite:core.py:62 executing functools.partial(<built-in method fetchall of sqlite3.Cursor object at 0x7612bf112b40>)
DEBUG    aiosqlite:core.py:67 operation functools.partial(<built-in method fetchall of sqlite3.Cursor object at 0x7612bf112b40>) completed
DEBUG    aiosqlite:core.py:62 executing functools.partial(<built-in method close of sqlite3.Cursor object at 0x7612bf112b40>)
DEBUG    aiosqlite:core.py:67 operation functools.partial(<built-in method close of sqlite3.Cursor object at 0x7612bf112b40>) completed
DEBUG    aiosqlite:core.py:62 executing functools.partial(<built-in method cursor of sqlite3.Connection object at 0x7612bf0cb3d0>)
DEBUG    aiosqlite:core.py:67 operation functools.partial(<built-in method cursor of sqlite3.Connection object at 0x7612bf0cb3d0>) completed
DEBUG    aiosqlite:core.py:62 executing functools.partial(<built-in method execute of sqlite3.Cursor object at 0x7612bf111640>, 'PRAGMA temp.table_info("users")', ())
DEBUG    aiosqlite:core.py:67 operation functools.partial(<built-in method execute of sqlite3.Cursor object at 0x7612bf111640>, 'PRAGMA temp.table_info("users")', ()) completed
DEBUG    aiosqlite:core.py:62 executing functools.partial(<built-in method fetchall of sqlite3.Cursor object at 0x7612bf111640>)
DEBUG    aiosqlite:core.py:67 operation functools.partial(<built-in method fetchall of sqlite3.Cursor object at 0x7612bf111640>) completed
DEBUG    aiosqlite:core.py:62 executing functools.partial(<built-in method close of sqlite3.Cursor object at 0x7612bf111640>)
DEBUG    aiosqlite:core.py:67 operation functools.partial(<built-in method close of sqlite3.Cursor object at 0x7612bf111640>) completed
DEBUG    aiosqlite:core.py:62 executing functools.partial(<built-in method cursor of sqlite3.Connection object at 0x7612bf0cb3d0>)
DEBUG    aiosqlite:core.py:67 operation functools.partial(<built-in method cursor of sqlite3.Connection object at 0x7612bf0cb3d0>) completed
DEBUG    aiosqlite:core.py:62 executing functools.partial(<built-in method execute of sqlite3.Cursor object at 0x7612bf112d40>, 'PRAGMA main.table_info("conversations")', ())
DEBUG    aiosqlite:core.py:67 operation functools.partial(<built-in method execute of sqlite3.Cursor object at 0x7612bf112d40>, 'PRAGMA main.table_info("conversations")', ()) completed
DEBUG    aiosqlite:core.py:62 executing functools.partial(<built-in method fetchall of sqlite3.Cursor object at 0x7612bf112d40>)
DEBUG    aiosqlite:core.py:67 operation functools.partial(<built-in method fetchall of sqlite3.Cursor object at 0x7612bf112d40>) completed
DEBUG    aiosqlite:core.py:62 executing functools.partial(<built-in method close of sqlite3.Cursor object at 0x7612bf112d40>)
DEBUG    aiosqlite:core.py:67 operation functools.partial(<built-in method close of sqlite3.Cursor object at 0x7612bf112d40>) completed
DEBUG    aiosqlite:core.py:62 executing functools.partial(<built-in method cursor of sqlite3.Connection object at 0x7612bf0cb3d0>)
DEBUG    aiosqlite:core.py:67 operation functools.partial(<built-in method cursor of sqlite3.Connection object at 0x7612bf0cb3d0>) completed
DEBUG    aiosqlite:core.py:62 executing functools.partial(<built-in method execute of sqlite3.Cursor object at 0x7612bf112dc0>, 'PRAGMA temp.table_info("conversations")', ())
DEBUG    aiosqlite:core.py:67 operation functools.partial(<built-in method execute of sqlite3.Cursor object at 0x7612bf112dc0>, 'PRAGMA temp.table_info("conversations")', ()) completed
DEBUG    aiosqlite:core.py:62 executing functools.partial(<built-in method fetchall of sqlite3.Cursor object at 0x7612bf112dc0>)
DEBUG    aiosqlite:core.py:67 operation functools.partial(<built-in method fetchall of sqlite3.Cursor object at 0x7612bf112dc0>) completed
DEBUG    aiosqlite:core.py:62 executing functools.partial(<built-in method close of sqlite3.Cursor object at 0x7612bf112dc0>)
DEBUG    aiosqlite:core.py:67 operation functools.partial(<built-in method close of sqlite3.Cursor object at 0x7612bf112dc0>) completed
DEBUG    aiosqlite:core.py:62 executing functools.partial(<built-in method cursor of sqlite3.Connection object at 0x7612bf0cb3d0>)
DEBUG    aiosqlite:core.py:67 operation functools.partial(<built-in method cursor of sqlite3.Connection object at 0x7612bf0cb3d0>) completed
DEBUG    aiosqlite:core.py:62 executing functools.partial(<built-in method execute of sqlite3.Cursor object at 0x7612bf112ec0>, 'PRAGMA main.table_info("conversation_participants")', ())
DEBUG    aiosqlite:core.py:67 operation functools.partial(<built-in method execute of sqlite3.Cursor object at 0x7612bf112ec0>, 'PRAGMA main.table_info("conversation_participants")', ()) completed
DEBUG    aiosqlite:core.py:62 executing functools.partial(<built-in method fetchall of sqlite3.Cursor object at 0x7612bf112ec0>)
DEBUG    aiosqlite:core.py:67 operation functools.partial(<built-in method fetchall of sqlite3.Cursor object at 0x7612bf112ec0>) completed
DEBUG    aiosqlite:core.py:62 executing functools.partial(<built-in method close of sqlite3.Cursor object at 0x7612bf112ec0>)
DEBUG    aiosqlite:core.py:67 operation functools.partial(<built-in method close of sqlite3.Cursor object at 0x7612bf112ec0>) completed
DEBUG    aiosqlite:core.py:62 executing functools.partial(<built-in method cursor of sqlite3.Connection object at 0x7612bf0cb3d0>)
DEBUG    aiosqlite:core.py:67 operation functools.partial(<built-in method cursor of sqlite3.Connection object at 0x7612bf0cb3d0>) completed
DEBUG    aiosqlite:core.py:62 executing functools.partial(<built-in method execute of sqlite3.Cursor object at 0x7612bf112f40>, 'PRAGMA temp.table_info("conversation_participants")', ())
DEBUG    aiosqlite:core.py:67 operation functools.partial(<built-in method execute of sqlite3.Cursor object at 0x7612bf112f40>, 'PRAGMA temp.table_info("conversation_participants")', ()) completed
DEBUG    aiosqlite:core.py:62 executing functools.partial(<built-in method fetchall of sqlite3.Cursor object at 0x7612bf112f40>)
DEBUG    aiosqlite:core.py:67 operation functools.partial(<built-in method fetchall of sqlite3.Cursor object at 0x7612bf112f40>) completed
DEBUG    aiosqlite:core.py:62 executing functools.partial(<built-in method close of sqlite3.Cursor object at 0x7612bf112f40>)
DEBUG    aiosqlite:core.py:67 operation functools.partial(<built-in method close of sqlite3.Cursor object at 0x7612bf112f40>) completed
DEBUG    aiosqlite:core.py:62 executing functools.partial(<built-in method cursor of sqlite3.Connection object at 0x7612bf0cb3d0>)
DEBUG    aiosqlite:core.py:67 operation functools.partial(<built-in method cursor of sqlite3.Connection object at 0x7612bf0cb3d0>) completed
DEBUG    aiosqlite:core.py:62 executing functools.partial(<built-in method execute of sqlite3.Cursor object at 0x7612bf113040>, 'PRAGMA main.table_info("messages")', ())
DEBUG    aiosqlite:core.py:67 operation functools.partial(<built-in method execute of sqlite3.Cursor object at 0x7612bf113040>, 'PRAGMA main.table_info("messages")', ()) completed
DEBUG    aiosqlite:core.py:62 executing functools.partial(<built-in method fetchall of sqlite3.Cursor object at 0x7612bf113040>)
DEBUG    aiosqlite:core.py:67 operation functools.partial(<built-in method fetchall of sqlite3.Cursor object at 0x7612bf113040>) completed
DEBUG    aiosqlite:core.py:62 executing functools.partial(<built-in method close of sqlite3.Cursor object at 0x7612bf113040>)
DEBUG    aiosqlite:core.py:67 operation functools.partial(<built-in method close of sqlite3.Cursor object at 0x7612bf113040>) completed
DEBUG    aiosqlite:core.py:62 executing functools.partial(<built-in method cursor of sqlite3.Connection object at 0x7612bf0cb3d0>)
DEBUG    aiosqlite:core.py:67 operation functools.partial(<built-in method cursor of sqlite3.Connection object at 0x7612bf0cb3d0>) completed
DEBUG    aiosqlite:core.py:62 executing functools.partial(<built-in method execute of sqlite3.Cursor object at 0x7612bf1130c0>, 'PRAGMA temp.table_info("messages")', ())
DEBUG    aiosqlite:core.py:67 operation functools.partial(<built-in method execute of sqlite3.Cursor object at 0x7612bf1130c0>, 'PRAGMA temp.table_info("messages")', ()) completed
DEBUG    aiosqlite:core.py:62 executing functools.partial(<built-in method fetchall of sqlite3.Cursor object at 0x7612bf1130c0>)
DEBUG    aiosqlite:core.py:67 operation functools.partial(<built-in method fetchall of sqlite3.Cursor object at 0x7612bf1130c0>) completed
DEBUG    aiosqlite:core.py:62 executing functools.partial(<built-in method close of sqlite3.Cursor object at 0x7612bf1130c0>)
DEBUG    aiosqlite:core.py:67 operation functools.partial(<built-in method close of sqlite3.Cursor object at 0x7612bf1130c0>) completed
DEBUG    aiosqlite:core.py:62 executing functools.partial(<built-in method cursor of sqlite3.Connection object at 0x7612bf0cb3d0>)
DEBUG    aiosqlite:core.py:67 operation functools.partial(<built-in method cursor of sqlite3.Connection object at 0x7612bf0cb3d0>) completed
DEBUG    aiosqlite:core.py:62 executing functools.partial(<built-in method execute of sqlite3.Cursor object at 0x7612bf1132c0>, 'PRAGMA main.table_info("users")', ())
DEBUG    aiosqlite:core.py:67 operation functools.partial(<built-in method execute of sqlite3.Cursor object at 0x7612bf1132c0>, 'PRAGMA main.table_info("users")', ()) completed
DEBUG    aiosqlite:core.py:62 executing functools.partial(<built-in method fetchall of sqlite3.Cursor object at 0x7612bf1132c0>)
DEBUG    aiosqlite:core.py:67 operation functools.partial(<built-in method fetchall of sqlite3.Cursor object at 0x7612bf1132c0>) completed
DEBUG    aiosqlite:core.py:62 executing functools.partial(<built-in method close of sqlite3.Cursor object at 0x7612bf1132c0>)
DEBUG    aiosqlite:core.py:67 operation functools.partial(<built-in method close of sqlite3.Cursor object at 0x7612bf1132c0>) completed
DEBUG    aiosqlite:core.py:62 executing functools.partial(<built-in method cursor of sqlite3.Connection object at 0x7612bf0cb3d0>)
DEBUG    aiosqlite:core.py:67 operation functools.partial(<built-in method cursor of sqlite3.Connection object at 0x7612bf0cb3d0>) completed
DEBUG    aiosqlite:core.py:62 executing functools.partial(<built-in method execute of sqlite3.Cursor object at 0x7612bf113340>, 'PRAGMA temp.table_info("users")', ())
DEBUG    aiosqlite:core.py:67 operation functools.partial(<built-in method execute of sqlite3.Cursor object at 0x7612bf113340>, 'PRAGMA temp.table_info("users")', ()) completed
DEBUG    aiosqlite:core.py:62 executing functools.partial(<built-in method fetchall of sqlite3.Cursor object at 0x7612bf113340>)
DEBUG    aiosqlite:core.py:67 operation functools.partial(<built-in method fetchall of sqlite3.Cursor object at 0x7612bf113340>) completed
DEBUG    aiosqlite:core.py:62 executing functools.partial(<built-in method close of sqlite3.Cursor object at 0x7612bf113340>)
DEBUG    aiosqlite:core.py:67 operation functools.partial(<built-in method close of sqlite3.Cursor object at 0x7612bf113340>) completed
DEBUG    aiosqlite:core.py:62 executing functools.partial(<built-in method cursor of sqlite3.Connection object at 0x7612bf0cb3d0>)
DEBUG    aiosqlite:core.py:67 operation functools.partial(<built-in method cursor of sqlite3.Connection object at 0x7612bf0cb3d0>) completed
DEBUG    aiosqlite:core.py:62 executing functools.partial(<built-in method execute of sqlite3.Cursor object at 0x7612bf113440>, 'PRAGMA main.table_info("conversations")', ())
DEBUG    aiosqlite:core.py:67 operation functools.partial(<built-in method execute of sqlite3.Cursor object at 0x7612bf113440>, 'PRAGMA main.table_info("conversations")', ()) completed
DEBUG    aiosqlite:core.py:62 executing functools.partial(<built-in method fetchall of sqlite3.Cursor object at 0x7612bf113440>)
DEBUG    aiosqlite:core.py:67 operation functools.partial(<built-in method fetchall of sqlite3.Cursor object at 0x7612bf113440>) completed
DEBUG    aiosqlite:core.py:62 executing functools.partial(<built-in method close of sqlite3.Cursor object at 0x7612bf113440>)
DEBUG    aiosqlite:core.py:67 operation functools.partial(<built-in method close of sqlite3.Cursor object at 0x7612bf113440>) completed
DEBUG    aiosqlite:core.py:62 executing functools.partial(<built-in method cursor of sqlite3.Connection object at 0x7612bf0cb3d0>)
DEBUG    aiosqlite:core.py:67 operation functools.partial(<built-in method cursor of sqlite3.Connection object at 0x7612bf0cb3d0>) completed
DEBUG    aiosqlite:core.py:62 executing functools.partial(<built-in method execute of sqlite3.Cursor object at 0x7612bf1134c0>, 'PRAGMA temp.table_info("conversations")', ())
DEBUG    aiosqlite:core.py:67 operation functools.partial(<built-in method execute of sqlite3.Cursor object at 0x7612bf1134c0>, 'PRAGMA temp.table_info("conversations")', ()) completed
DEBUG    aiosqlite:core.py:62 executing functools.partial(<built-in method fetchall of sqlite3.Cursor object at 0x7612bf1134c0>)
DEBUG    aiosqlite:core.py:67 operation functools.partial(<built-in method fetchall of sqlite3.Cursor object at 0x7612bf1134c0>) completed
DEBUG    aiosqlite:core.py:62 executing functools.partial(<built-in method close of sqlite3.Cursor object at 0x7612bf1134c0>)
DEBUG    aiosqlite:core.py:67 operation functools.partial(<built-in method close of sqlite3.Cursor object at 0x7612bf1134c0>) completed
DEBUG    aiosqlite:core.py:62 executing functools.partial(<built-in method cursor of sqlite3.Connection object at 0x7612bf0cb3d0>)
DEBUG    aiosqlite:core.py:67 operation functools.partial(<built-in method cursor of sqlite3.Connection object at 0x7612bf0cb3d0>) completed
DEBUG    aiosqlite:core.py:62 executing functools.partial(<built-in method execute of sqlite3.Cursor object at 0x7612bf1135c0>, 'PRAGMA main.table_info("conversation_participants")', ())
DEBUG    aiosqlite:core.py:67 operation functools.partial(<built-in method execute of sqlite3.Cursor object at 0x7612bf1135c0>, 'PRAGMA main.table_info("conversation_participants")', ()) completed
DEBUG    aiosqlite:core.py:62 executing functools.partial(<built-in method fetchall of sqlite3.Cursor object at 0x7612bf1135c0>)
DEBUG    aiosqlite:core.py:67 operation functools.partial(<built-in method fetchall of sqlite3.Cursor object at 0x7612bf1135c0>) completed
DEBUG    aiosqlite:core.py:62 executing functools.partial(<built-in method close of sqlite3.Cursor object at 0x7612bf1135c0>)
DEBUG    aiosqlite:core.py:67 operation functools.partial(<built-in method close of sqlite3.Cursor object at 0x7612bf1135c0>) completed
DEBUG    aiosqlite:core.py:62 executing functools.partial(<built-in method cursor of sqlite3.Connection object at 0x7612bf0cb3d0>)
DEBUG    aiosqlite:core.py:67 operation functools.partial(<built-in method cursor of sqlite3.Connection object at 0x7612bf0cb3d0>) completed
DEBUG    aiosqlite:core.py:62 executing functools.partial(<built-in method execute of sqlite3.Cursor object at 0x7612bf113640>, 'PRAGMA temp.table_info("conversation_participants")', ())
DEBUG    aiosqlite:core.py:67 operation functools.partial(<built-in method execute of sqlite3.Cursor object at 0x7612bf113640>, 'PRAGMA temp.table_info("conversation_participants")', ()) completed
DEBUG    aiosqlite:core.py:62 executing functools.partial(<built-in method fetchall of sqlite3.Cursor object at 0x7612bf113640>)
[...]
2026-02-22 22:27:36,731 - aiosqlite - DEBUG - executing functools.partial(<built-in method close of sqlite3.Cursor object at 0x7612bc153cc0>)
2026-02-22 22:27:36,731 - aiosqlite - DEBUG - operation functools.partial(<built-in method close of sqlite3.Cursor object at 0x7612bc153cc0>) completed
2026-02-22 22:27:36,732 - aiosqlite - DEBUG - executing functools.partial(<built-in method cursor of sqlite3.Connection object at 0x7612bf0cb3d0>)
2026-02-22 22:27:36,732 - aiosqlite - DEBUG - operation functools.partial(<built-in method cursor of sqlite3.Connection object at 0x7612bf0cb3d0>) completed
2026-02-22 22:27:36,732 - aiosqlite - DEBUG - executing functools.partial(<built-in method execute of sqlite3.Cursor object at 0x7612bc153b40>, 'PRAGMA main.table_info("conversation_participants")', ())
2026-02-22 22:27:36,733 - aiosqlite - DEBUG - operation functools.partial(<built-in method execute of sqlite3.Cursor object at 0x7612bc153b40>, 'PRAGMA main.table_info("conversation_participants")', ()) completed
2026-02-22 22:27:36,733 - aiosqlite - DEBUG - executing functools.partial(<built-in method fetchall of sqlite3.Cursor object at 0x7612bc153b40>)
2026-02-22 22:27:36,733 - aiosqlite - DEBUG - operation functools.partial(<built-in method fetchall of sqlite3.Cursor object at 0x7612bc153b40>) completed
2026-02-22 22:27:36,733 - aiosqlite - DEBUG - executing functools.partial(<built-in method close of sqlite3.Cursor object at 0x7612bc153b40>)
2026-02-22 22:27:36,733 - aiosqlite - DEBUG - operation functools.partial(<built-in method close of sqlite3.Cursor object at 0x7612bc153b40>) completed
2026-02-22 22:27:36,734 - aiosqlite - DEBUG - executing functools.partial(<built-in method cursor of sqlite3.Connection object at 0x7612bf0cb3d0>)
2026-02-22 22:27:36,734 - aiosqlite - DEBUG - operation functools.partial(<built-in method cursor of sqlite3.Connection object at 0x7612bf0cb3d0>) completed
2026-02-22 22:27:36,734 - aiosqlite - DEBUG - executing functools.partial(<built-in method execute of sqlite3.Cursor object at 0x7612bc153d40>, 'PRAGMA main.table_info("messages")', ())
2026-02-22 22:27:36,734 - aiosqlite - DEBUG - operation functools.partial(<built-in method execute of sqlite3.Cursor object at 0x7612bc153d40>, 'PRAGMA main.table_info("messages")', ()) completed
2026-02-22 22:27:36,734 - aiosqlite - DEBUG - executing functools.partial(<built-in method fetchall of sqlite3.Cursor object at 0x7612bc153d40>)
2026-02-22 22:27:36,734 - aiosqlite - DEBUG - operation functools.partial(<built-in method fetchall of sqlite3.Cursor object at 0x7612bc153d40>) completed
2026-02-22 22:27:36,735 - aiosqlite - DEBUG - executing functools.partial(<built-in method close of sqlite3.Cursor object at 0x7612bc153d40>)
2026-02-22 22:27:36,735 - aiosqlite - DEBUG - operation functools.partial(<built-in method close of sqlite3.Cursor object at 0x7612bc153d40>) completed
2026-02-22 22:27:36,735 - aiosqlite - DEBUG - executing functools.partial(<built-in method cursor of sqlite3.Connection object at 0x7612bf0cb3d0>)
2026-02-22 22:27:36,736 - aiosqlite - DEBUG - operation functools.partial(<built-in method cursor of sqlite3.Connection object at 0x7612bf0cb3d0>) completed
2026-02-22 22:27:36,736 - aiosqlite - DEBUG - executing functools.partial(<built-in method execute of sqlite3.Cursor object at 0x7612bee11ec0>, '\nDROP TABLE conversation_participants', ())
2026-02-22 22:27:36,810 - aiosqlite - DEBUG - operation functools.partial(<built-in method execute of sqlite3.Cursor object at 0x7612bee11ec0>, '\nDROP TABLE conversation_participants', ()) completed
2026-02-22 22:27:36,810 - aiosqlite - DEBUG - executing functools.partial(<built-in method close of sqlite3.Cursor object at 0x7612bee11ec0>)
2026-02-22 22:27:36,811 - aiosqlite - DEBUG - operation functools.partial(<built-in method close of sqlite3.Cursor object at 0x7612bee11ec0>) completed
2026-02-22 22:27:36,812 - aiosqlite - DEBUG - executing functools.partial(<built-in method cursor of sqlite3.Connection object at 0x7612bf0cb3d0>)
2026-02-22 22:27:36,812 - aiosqlite - DEBUG - operation functools.partial(<built-in method cursor of sqlite3.Connection object at 0x7612bf0cb3d0>) completed
2026-02-22 22:27:36,812 - aiosqlite - DEBUG - executing functools.partial(<built-in method execute of sqlite3.Cursor object at 0x7612bc153f40>, '\nDROP TABLE messages', ())
2026-02-22 22:27:36,878 - aiosqlite - DEBUG - operation functools.partial(<built-in method execute of sqlite3.Cursor object at 0x7612bc153f40>, '\nDROP TABLE messages', ()) completed
2026-02-22 22:27:36,878 - aiosqlite - DEBUG - executing functools.partial(<built-in method close of sqlite3.Cursor object at 0x7612bc153f40>)
2026-02-22 22:27:36,878 - aiosqlite - DEBUG - operation functools.partial(<built-in method close of sqlite3.Cursor object at 0x7612bc153f40>) completed
2026-02-22 22:27:36,879 - aiosqlite - DEBUG - executing functools.partial(<built-in method cursor of sqlite3.Connection object at 0x7612bf0cb3d0>)
2026-02-22 22:27:36,879 - aiosqlite - DEBUG - operation functools.partial(<built-in method cursor of sqlite3.Connection object at 0x7612bf0cb3d0>) completed
2026-02-22 22:27:36,880 - aiosqlite - DEBUG - executing functools.partial(<built-in method execute of sqlite3.Cursor object at 0x7612bc153dc0>, '\nDROP TABLE conversations', ())
2026-02-22 22:27:36,923 - aiosqlite - DEBUG - operation functools.partial(<built-in method execute of sqlite3.Cursor object at 0x7612bc153dc0>, '\nDROP TABLE conversations', ()) completed
2026-02-22 22:27:36,924 - aiosqlite - DEBUG - executing functools.partial(<built-in method close of sqlite3.Cursor object at 0x7612bc153dc0>)
2026-02-22 22:27:36,924 - aiosqlite - DEBUG - operation functools.partial(<built-in method close of sqlite3.Cursor object at 0x7612bc153dc0>) completed
2026-02-22 22:27:36,925 - aiosqlite - DEBUG - executing functools.partial(<built-in method cursor of sqlite3.Connection object at 0x7612bf0cb3d0>)
2026-02-22 22:27:36,925 - aiosqlite - DEBUG - operation functools.partial(<built-in method cursor of sqlite3.Connection object at 0x7612bf0cb3d0>) completed
2026-02-22 22:27:36,925 - aiosqlite - DEBUG - executing functools.partial(<built-in method execute of sqlite3.Cursor object at 0x7612bc153ac0>, '\nDROP TABLE users', ())
2026-02-22 22:27:36,969 - aiosqlite - DEBUG - operation functools.partial(<built-in method execute of sqlite3.Cursor object at 0x7612bc153ac0>, '\nDROP TABLE users', ()) completed
2026-02-22 22:27:36,969 - aiosqlite - DEBUG - executing functools.partial(<built-in method close of sqlite3.Cursor object at 0x7612bc153ac0>)
2026-02-22 22:27:36,969 - aiosqlite - DEBUG - operation functools.partial(<built-in method close of sqlite3.Cursor object at 0x7612bc153ac0>) completed
2026-02-22 22:27:36,970 - aiosqlite - DEBUG - executing functools.partial(<built-in method commit of sqlite3.Connection object at 0x7612bf0cb3d0>)
2026-02-22 22:27:36,970 - aiosqlite - DEBUG - operation functools.partial(<built-in method commit of sqlite3.Connection object at 0x7612bf0cb3d0>) completed
2026-02-22 22:27:36,971 - aiosqlite - DEBUG - executing functools.partial(<built-in method rollback of sqlite3.Connection object at 0x7612bf0cb3d0>)
2026-02-22 22:27:36,971 - aiosqlite - DEBUG - operation functools.partial(<built-in method rollback of sqlite3.Connection object at 0x7612bf0cb3d0>) completed
---------------------------- Captured log teardown -----------------------------
DEBUG    aiosqlite:core.py:62 executing functools.partial(<built-in method rollback of sqlite3.Connection object at 0x7612bf0cb3d0>)
DEBUG    aiosqlite:core.py:67 operation functools.partial(<built-in method rollback of sqlite3.Connection object at 0x7612bf0cb3d0>) completed
DEBUG    aiosqlite:core.py:62 executing functools.partial(<built-in method rollback of sqlite3.Connection object at 0x7612bf0cb3d0>)
DEBUG    aiosqlite:core.py:67 operation functools.partial(<built-in method rollback of sqlite3.Connection object at 0x7612bf0cb3d0>) completed
DEBUG    aiosqlite:core.py:62 executing functools.partial(<built-in method cursor of sqlite3.Connection object at 0x7612bf0cb3d0>)
DEBUG    aiosqlite:core.py:67 operation functools.partial(<built-in method cursor of sqlite3.Connection object at 0x7612bf0cb3d0>) completed
DEBUG    aiosqlite:core.py:62 executing functools.partial(<built-in method execute of sqlite3.Cursor object at 0x7612bc1539c0>, 'PRAGMA main.table_info("users")', ())
DEBUG    aiosqlite:core.py:67 operation functools.partial(<built-in method execute of sqlite3.Cursor object at 0x7612bc1539c0>, 'PRAGMA main.table_info("users")', ()) completed
DEBUG    aiosqlite:core.py:62 executing functools.partial(<built-in method fetchall of sqlite3.Cursor object at 0x7612bc1539c0>)
DEBUG    aiosqlite:core.py:67 operation functools.partial(<built-in method fetchall of sqlite3.Cursor object at 0x7612bc1539c0>) completed
DEBUG    aiosqlite:core.py:62 executing functools.partial(<built-in method close of sqlite3.Cursor object at 0x7612bc1539c0>)
DEBUG    aiosqlite:core.py:67 operation functools.partial(<built-in method close of sqlite3.Cursor object at 0x7612bc1539c0>) completed
DEBUG    aiosqlite:core.py:62 executing functools.partial(<built-in method cursor of sqlite3.Connection object at 0x7612bf0cb3d0>)
DEBUG    aiosqlite:core.py:67 operation functools.partial(<built-in method cursor of sqlite3.Connection object at 0x7612bf0cb3d0>) completed
DEBUG    aiosqlite:core.py:62 executing functools.partial(<built-in method execute of sqlite3.Cursor object at 0x7612bc153cc0>, 'PRAGMA main.table_info("conversations")', ())
DEBUG    aiosqlite:core.py:67 operation functools.partial(<built-in method execute of sqlite3.Cursor object at 0x7612bc153cc0>, 'PRAGMA main.table_info("conversations")', ()) completed
DEBUG    aiosqlite:core.py:62 executing functools.partial(<built-in method fetchall of sqlite3.Cursor object at 0x7612bc153cc0>)
DEBUG    aiosqlite:core.py:67 operation functools.partial(<built-in method fetchall of sqlite3.Cursor object at 0x7612bc153cc0>) completed
DEBUG    aiosqlite:core.py:62 executing functools.partial(<built-in method close of sqlite3.Cursor object at 0x7612bc153cc0>)
DEBUG    aiosqlite:core.py:67 operation functools.partial(<built-in method close of sqlite3.Cursor object at 0x7612bc153cc0>) completed
DEBUG    aiosqlite:core.py:62 executing functools.partial(<built-in method cursor of sqlite3.Connection object at 0x7612bf0cb3d0>)
DEBUG    aiosqlite:core.py:67 operation functools.partial(<built-in method cursor of sqlite3.Connection object at 0x7612bf0cb3d0>) completed
DEBUG    aiosqlite:core.py:62 executing functools.partial(<built-in method execute of sqlite3.Cursor object at 0x7612bc153b40>, 'PRAGMA main.table_info("conversation_participants")', ())
DEBUG    aiosqlite:core.py:67 operation functools.partial(<built-in method execute of sqlite3.Cursor object at 0x7612bc153b40>, 'PRAGMA main.table_info("conversation_participants")', ()) completed
DEBUG    aiosqlite:core.py:62 executing functools.partial(<built-in method fetchall of sqlite3.Cursor object at 0x7612bc153b40>)
DEBUG    aiosqlite:core.py:67 operation functools.partial(<built-in method fetchall of sqlite3.Cursor object at 0x7612bc153b40>) completed
DEBUG    aiosqlite:core.py:62 executing functools.partial(<built-in method close of sqlite3.Cursor object at 0x7612bc153b40>)
DEBUG    aiosqlite:core.py:67 operation functools.partial(<built-in method close of sqlite3.Cursor object at 0x7612bc153b40>) completed
DEBUG    aiosqlite:core.py:62 executing functools.partial(<built-in method cursor of sqlite3.Connection object at 0x7612bf0cb3d0>)
DEBUG    aiosqlite:core.py:67 operation functools.partial(<built-in method cursor of sqlite3.Connection object at 0x7612bf0cb3d0>) completed
DEBUG    aiosqlite:core.py:62 executing functools.partial(<built-in method execute of sqlite3.Cursor object at 0x7612bc153d40>, 'PRAGMA main.table_info("messages")', ())
DEBUG    aiosqlite:core.py:67 operation functools.partial(<built-in method execute of sqlite3.Cursor object at 0x7612bc153d40>, 'PRAGMA main.table_info("messages")', ()) completed
DEBUG    aiosqlite:core.py:62 executing functools.partial(<built-in method fetchall of sqlite3.Cursor object at 0x7612bc153d40>)
DEBUG    aiosqlite:core.py:67 operation functools.partial(<built-in method fetchall of sqlite3.Cursor object at 0x7612bc153d40>) completed
DEBUG    aiosqlite:core.py:62 executing functools.partial(<built-in method close of sqlite3.Cursor object at 0x7612bc153d40>)
DEBUG    aiosqlite:core.py:67 operation functools.partial(<built-in method close of sqlite3.Cursor object at 0x7612bc153d40>) completed
DEBUG    aiosqlite:core.py:62 executing functools.partial(<built-in method cursor of sqlite3.Connection object at 0x7612bf0cb3d0>)
DEBUG    aiosqlite:core.py:67 operation functools.partial(<built-in method cursor of sqlite3.Connection object at 0x7612bf0cb3d0>) completed
DEBUG    aiosqlite:core.py:62 executing functools.partial(<built-in method execute of sqlite3.Cursor object at 0x7612bee11ec0>, '\nDROP TABLE conversation_participants', ())
DEBUG    aiosqlite:core.py:67 operation functools.partial(<built-in method execute of sqlite3.Cursor object at 0x7612bee11ec0>, '\nDROP TABLE conversation_participants', ()) completed
DEBUG    aiosqlite:core.py:62 executing functools.partial(<built-in method close of sqlite3.Cursor object at 0x7612bee11ec0>)
DEBUG    aiosqlite:core.py:67 operation functools.partial(<built-in method close of sqlite3.Cursor object at 0x7612bee11ec0>) completed
DEBUG    aiosqlite:core.py:62 executing functools.partial(<built-in method cursor of sqlite3.Connection object at 0x7612bf0cb3d0>)
DEBUG    aiosqlite:core.py:67 operation functools.partial(<built-in method cursor of sqlite3.Connection object at 0x7612bf0cb3d0>) completed
DEBUG    aiosqlite:core.py:62 executing functools.partial(<built-in method execute of sqlite3.Cursor object at 0x7612bc153f40>, '\nDROP TABLE messages', ())
DEBUG    aiosqlite:core.py:67 operation functools.partial(<built-in method execute of sqlite3.Cursor object at 0x7612bc153f40>, '\nDROP TABLE messages', ()) completed
DEBUG    aiosqlite:core.py:62 executing functools.partial(<built-in method close of sqlite3.Cursor object at 0x7612bc153f40>)
DEBUG    aiosqlite:core.py:67 operation functools.partial(<built-in method close of sqlite3.Cursor object at 0x7612bc153f40>) completed
DEBUG    aiosqlite:core.py:62 executing functools.partial(<built-in method cursor of sqlite3.Connection object at 0x7612bf0cb3d0>)
DEBUG    aiosqlite:core.py:67 operation functools.partial(<built-in method cursor of sqlite3.Connection object at 0x7612bf0cb3d0>) completed
DEBUG    aiosqlite:core.py:62 executing functools.partial(<built-in method execute of sqlite3.Cursor object at 0x7612bc153dc0>, '\nDROP TABLE conversations', ())
DEBUG    aiosqlite:core.py:67 operation functools.partial(<built-in method execute of sqlite3.Cursor object at 0x7612bc153dc0>, '\nDROP TABLE conversations', ()) completed
DEBUG    aiosqlite:core.py:62 executing functools.partial(<built-in method close of sqlite3.Cursor object at 0x7612bc153dc0>)
DEBUG    aiosqlite:core.py:67 operation functools.partial(<built-in method close of sqlite3.Cursor object at 0x7612bc153dc0>) completed
DEBUG    aiosqlite:core.py:62 executing functools.partial(<built-in method cursor of sqlite3.Connection object at 0x7612bf0cb3d0>)
DEBUG    aiosqlite:core.py:67 operation functools.partial(<built-in method cursor of sqlite3.Connection object at 0x7612bf0cb3d0>) completed
DEBUG    aiosqlite:core.py:62 executing functools.partial(<built-in method execute of sqlite3.Cursor object at 0x7612bc153ac0>, '\nDROP TABLE users', ())
DEBUG    aiosqlite:core.py:67 operation functools.partial(<built-in method execute of sqlite3.Cursor object at 0x7612bc153ac0>, '\nDROP TABLE users', ()) completed
DEBUG    aiosqlite:core.py:62 executing functools.partial(<built-in method close of sqlite3.Cursor object at 0x7612bc153ac0>)
DEBUG    aiosqlite:core.py:67 operation functools.partial(<built-in method close of sqlite3.Cursor object at 0x7612bc153ac0>) completed
DEBUG    aiosqlite:core.py:62 executing functools.partial(<built-in method commit of sqlite3.Connection object at 0x7612bf0cb3d0>)
DEBUG    aiosqlite:core.py:67 operation functools.partial(<built-in method commit of sqlite3.Connection object at 0x7612bf0cb3d0>) completed
DEBUG    aiosqlite:core.py:62 executing functools.partial(<built-in method rollback of sqlite3.Connection object at 0x7612bf0cb3d0>)
DEBUG    aiosqlite:core.py:67 operation functools.partial(<built-in method rollback of sqlite3.Connection object at 0x7612bf0cb3d0>) completed
=============================== warnings summary ===============================
src/core/config.py:5
  /home/aswin-ganga/headless-chat/src/core/config.py:5: PydanticDeprecatedSince20: Support for class-based `config` is deprecated, use ConfigDict instead. Deprecated in Pydantic V2.0 to be removed in V3.0. See Pydantic V2 Migration Guide at https://errors.pydantic.dev/2.12/migration/
    class Settings(BaseSettings):

src/database/base_class.py:6
  /home/aswin-ganga/headless-chat/src/database/base_class.py:6: MovedIn20Warning: The ``as_declarative()`` function is now available as sqlalchemy.orm.as_declarative() (deprecated since: 2.0) (Background on SQLAlchemy 2.0 at: https://sqlalche.me/e/b8d9)
    @as_declarative()

venv/lib/python3.12/site-packages/passlib/utils/__init__.py:854
  /home/aswin-ganga/headless-chat/venv/lib/python3.12/site-packages/passlib/utils/__init__.py:854: DeprecationWarning: 'crypt' is deprecated and slated for removal in Python 3.13
    from crypt import crypt as _crypt

src/schemas/user.py:24
  /home/aswin-ganga/headless-chat/src/schemas/user.py:24: PydanticDeprecatedSince20: Support for class-based `config` is deprecated, use ConfigDict instead. Deprecated in Pydantic V2.0 to be removed in V3.0. See Pydantic V2 Migration Guide at https://errors.pydantic.dev/2.12/migration/
    class UserResponse(UserBase):

src/schemas/conversation.py:25
  /home/aswin-ganga/headless-chat/src/schemas/conversation.py:25: PydanticDeprecatedSince20: Support for class-based `config` is deprecated, use ConfigDict instead. Deprecated in Pydantic V2.0 to be removed in V3.0. See Pydantic V2 Migration Guide at https://errors.pydantic.dev/2.12/migration/
    class ConversationResponse(ConversationBase):

src/schemas/message.py:23
  /home/aswin-ganga/headless-chat/src/schemas/message.py:23: PydanticDeprecatedSince20: Support for class-based `config` is deprecated, use ConfigDict instead. Deprecated in Pydantic V2.0 to be removed in V3.0. See Pydantic V2 Migration Guide at https://errors.pydantic.dev/2.12/migration/
    class MessageResponse(MessageBase):

tests/test_messaging.py::test_conversation_flow_and_messaging
  /home/aswin-ganga/headless-chat/venv/lib/python3.12/site-packages/passlib/handlers/argon2.py:716: DeprecationWarning: Accessing argon2.__version__ is deprecated and will be removed in a future release. Use importlib.metadata directly to query for argon2-cffi's packaging metadata.
    _argon2_cffi.__version__, max_version)

tests/test_messaging.py::test_conversation_flow_and_messaging
tests/test_messaging.py::test_conversation_flow_and_messaging
  /home/aswin-ganga/headless-chat/src/modules/auth/basic_provider.py:63: DeprecationWarning: datetime.datetime.utcnow() is deprecated and scheduled for removal in a future version. Use timezone-aware objects to represent datetimes in UTC: datetime.datetime.now(datetime.UTC).
    expire = datetime.utcnow() + expires_delta

-- Docs: https://docs.pytest.org/en/stable/how-to/capture-warnings.html
=========================== short test summary info ============================
FAILED tests/test_messaging.py::test_conversation_flow_and_messaging - sqlalc...
======================== 1 failed, 9 warnings in 1.69s =========================
